<?xml version="1.0" encoding="UTF-8"?>
<robot generator="Robot 6.1.1 (Python 3.12.7 on linux)" generated="20241115 11:16:30.751" rpa="false" schemaversion="4">
<suite id="s1" name="Tests" source="/home/x/edu/Ohjelmistotuotanto_Software_Engineering/ohjelmistotuotanto-palautusrepositorio/viikko3/hello-robot/src/tests">
<suite id="s1-s1" name="Increase Counter" source="/home/x/edu/Ohjelmistotuotanto_Software_Engineering/ohjelmistotuotanto-palautusrepositorio/viikko3/hello-robot/src/tests/increase_counter.robot">
<test id="s1-s1-t1" name="Increase Counter Once" line="5">
<kw name="Counter Value Should Be" library="CounterLibrary">
<arg>0</arg>
<status status="PASS" starttime="20241115 11:16:30.767" endtime="20241115 11:16:30.767"/>
</kw>
<kw name="Increase Counter" library="CounterLibrary">
<status status="PASS" starttime="20241115 11:16:30.767" endtime="20241115 11:16:30.767"/>
</kw>
<kw name="Counter Value Should Be" library="CounterLibrary">
<arg>1</arg>
<status status="PASS" starttime="20241115 11:16:30.767" endtime="20241115 11:16:30.767"/>
</kw>
<status status="PASS" starttime="20241115 11:16:30.766" endtime="20241115 11:16:30.767"/>
</test>
<test id="s1-s1-t2" name="Increase Counter Many Times" line="10">
<kw name="Counter Value Should Be" library="CounterLibrary">
<arg>0</arg>
<status status="PASS" starttime="20241115 11:16:30.767" endtime="20241115 11:16:30.767"/>
</kw>
<kw name="Increase Counter" library="CounterLibrary">
<status status="PASS" starttime="20241115 11:16:30.768" endtime="20241115 11:16:30.768"/>
</kw>
<kw name="Increase Counter" library="CounterLibrary">
<status status="PASS" starttime="20241115 11:16:30.768" endtime="20241115 11:16:30.768"/>
</kw>
<kw name="Increase Counter" library="CounterLibrary">
<status status="PASS" starttime="20241115 11:16:30.768" endtime="20241115 11:16:30.768"/>
</kw>
<kw name="Counter Value Should Be" library="CounterLibrary">
<arg>3</arg>
<status status="PASS" starttime="20241115 11:16:30.768" endtime="20241115 11:16:30.768"/>
</kw>
<status status="PASS" starttime="20241115 11:16:30.767" endtime="20241115 11:16:30.768"/>
</test>
<test id="s1-s1-t3" name="Increment Counter By Amount" line="17">
<kw name="Counter Value Should Be" library="CounterLibrary">
<arg>0</arg>
<status status="PASS" starttime="20241115 11:16:30.768" endtime="20241115 11:16:30.768"/>
</kw>
<kw name="Increment Counter By" library="CounterLibrary">
<arg>5</arg>
<status status="PASS" starttime="20241115 11:16:30.768" endtime="20241115 11:16:30.768"/>
</kw>
<kw name="Counter Value Should Be" library="CounterLibrary">
<arg>5</arg>
<status status="PASS" starttime="20241115 11:16:30.768" endtime="20241115 11:16:30.769"/>
</kw>
<status status="PASS" starttime="20241115 11:16:30.768" endtime="20241115 11:16:30.769"/>
</test>
<status status="PASS" starttime="20241115 11:16:30.765" endtime="20241115 11:16:30.769"/>
</suite>
<suite id="s1-s2" name="Reset Counter" source="/home/x/edu/Ohjelmistotuotanto_Software_Engineering/ohjelmistotuotanto-palautusrepositorio/viikko3/hello-robot/src/tests/reset_counter.robot">
<test id="s1-s2-t1" name="Reset Counter After One Increment" line="5">
<kw name="Counter Value Should Be" library="CounterLibrary">
<arg>0</arg>
<status status="PASS" starttime="20241115 11:16:30.770" endtime="20241115 11:16:30.770"/>
</kw>
<kw name="Increase Counter" library="CounterLibrary">
<status status="PASS" starttime="20241115 11:16:30.770" endtime="20241115 11:16:30.770"/>
</kw>
<kw name="Counter Value Should Be" library="CounterLibrary">
<arg>1</arg>
<status status="PASS" starttime="20241115 11:16:30.770" endtime="20241115 11:16:30.770"/>
</kw>
<kw name="Reset Counter">
<msg timestamp="20241115 11:16:30.771" level="FAIL">No keyword with name 'Reset Counter' found.</msg>
<status status="FAIL" starttime="20241115 11:16:30.771" endtime="20241115 11:16:30.771"/>
</kw>
<kw name="Counter Value Should Be" library="CounterLibrary">
<arg>0</arg>
<status status="NOT RUN" starttime="20241115 11:16:30.771" endtime="20241115 11:16:30.771"/>
</kw>
<status status="FAIL" starttime="20241115 11:16:30.770" endtime="20241115 11:16:30.771">No keyword with name 'Reset Counter' found.</status>
</test>
<test id="s1-s2-t2" name="Reset Counter After Several Increments" line="12">
<kw name="Counter Value Should Be" library="CounterLibrary">
<arg>0</arg>
<status status="PASS" starttime="20241115 11:16:30.772" endtime="20241115 11:16:30.772"/>
</kw>
<kw name="Increment Counter By" library="CounterLibrary">
<arg>5</arg>
<status status="PASS" starttime="20241115 11:16:30.772" endtime="20241115 11:16:30.772"/>
</kw>
<kw name="Counter Value Should Be" library="CounterLibrary">
<arg>5</arg>
<status status="PASS" starttime="20241115 11:16:30.772" endtime="20241115 11:16:30.772"/>
</kw>
<kw name="Reset Counter">
<msg timestamp="20241115 11:16:30.773" level="FAIL">No keyword with name 'Reset Counter' found.</msg>
<status status="FAIL" starttime="20241115 11:16:30.773" endtime="20241115 11:16:30.773"/>
</kw>
<kw name="Counter Value Should Be" library="CounterLibrary">
<arg>0</arg>
<status status="NOT RUN" starttime="20241115 11:16:30.773" endtime="20241115 11:16:30.773"/>
</kw>
<status status="FAIL" starttime="20241115 11:16:30.771" endtime="20241115 11:16:30.773">No keyword with name 'Reset Counter' found.</status>
</test>
<status status="FAIL" starttime="20241115 11:16:30.769" endtime="20241115 11:16:30.773"/>
</suite>
<status status="FAIL" starttime="20241115 11:16:30.751" endtime="20241115 11:16:30.773"/>
</suite>
<statistics>
<total>
<stat pass="3" fail="2" skip="0">All Tests</stat>
</total>
<tag>
</tag>
<suite>
<stat pass="3" fail="2" skip="0" id="s1" name="Tests">Tests</stat>
<stat pass="3" fail="0" skip="0" id="s1-s1" name="Increase Counter">Tests.Increase Counter</stat>
<stat pass="0" fail="2" skip="0" id="s1-s2" name="Reset Counter">Tests.Reset Counter</stat>
</suite>
</statistics>
<errors>
</errors>
</robot>
