<?xml version="1.0" encoding="UTF-8"?>
<robot generator="Robot 6.1.1 (Python 3.12.7 on linux)" generated="20241118 16:53:03.668" rpa="false" schemaversion="4">
<suite id="s1" name="Tests" source="/home/x/edu/Ohjelmistotuotanto_Software_Engineering/ohjelmistotuotanto-palautusrepositorio/viikko3/web-login/src/tests">
<suite id="s1-s1" name="Home" source="/home/x/edu/Ohjelmistotuotanto_Software_Engineering/ohjelmistotuotanto-palautusrepositorio/viikko3/web-login/src/tests/home.robot">
<kw name="Open And Configure Browser" library="resource" type="SETUP">
<if>
<branch type="IF" condition="$BROWSER == 'chrome'">
<kw name="Evaluate" library="BuiltIn">
<var>${options}</var>
<arg>sys.modules['selenium.webdriver'].ChromeOptions()</arg>
<arg>sys</arg>
<doc>Evaluates the given expression in Python and returns the result.</doc>
<msg timestamp="20241118 16:53:03.781" level="INFO">${options} = &lt;selenium.webdriver.chrome.options.Options object at 0x79141d4da990&gt;</msg>
<status status="PASS" starttime="20241118 16:53:03.781" endtime="20241118 16:53:03.781"/>
</kw>
<status status="PASS" starttime="20241118 16:53:03.780" endtime="20241118 16:53:03.781"/>
</branch>
<branch type="ELSE IF" condition="$BROWSER == 'firefox'">
<kw name="Evaluate" library="BuiltIn">
<var>${options}</var>
<arg>sys.modules['selenium.webdriver'].FirefoxOptions()</arg>
<arg>sys</arg>
<doc>Evaluates the given expression in Python and returns the result.</doc>
<status status="NOT RUN" starttime="20241118 16:53:03.781" endtime="20241118 16:53:03.781"/>
</kw>
<status status="NOT RUN" starttime="20241118 16:53:03.781" endtime="20241118 16:53:03.781"/>
</branch>
<status status="PASS" starttime="20241118 16:53:03.780" endtime="20241118 16:53:03.781"/>
</if>
<if>
<branch type="IF" condition="$HEADLESS == 'true'">
<kw name="Set Selenium Speed" library="SeleniumLibrary">
<arg>0</arg>
<doc>Sets the delay that is waited after each Selenium command.</doc>
<status status="PASS" starttime="20241118 16:53:03.781" endtime="20241118 16:53:03.781"/>
</kw>
<kw name="Call Method" library="BuiltIn">
<arg>${options}</arg>
<arg>add_argument</arg>
<arg>--headless</arg>
<doc>Calls the named method of the given object with the provided arguments.</doc>
<status status="PASS" starttime="20241118 16:53:03.781" endtime="20241118 16:53:03.781"/>
</kw>
<status status="PASS" starttime="20241118 16:53:03.781" endtime="20241118 16:53:03.781"/>
</branch>
<branch type="ELSE">
<kw name="Set Selenium Speed" library="SeleniumLibrary">
<arg>${DELAY}</arg>
<doc>Sets the delay that is waited after each Selenium command.</doc>
<status status="NOT RUN" starttime="20241118 16:53:03.781" endtime="20241118 16:53:03.782"/>
</kw>
<status status="NOT RUN" starttime="20241118 16:53:03.781" endtime="20241118 16:53:03.782"/>
</branch>
<status status="PASS" starttime="20241118 16:53:03.781" endtime="20241118 16:53:03.782"/>
</if>
<kw name="Open Browser" library="SeleniumLibrary">
<arg>browser=${BROWSER}</arg>
<arg>options=${options}</arg>
<doc>Opens a new browser instance to the optional ``url``.</doc>
<msg timestamp="20241118 16:53:03.782" level="INFO">Opening browser 'chrome' to base url 'None'.</msg>
<status status="PASS" starttime="20241118 16:53:03.782" endtime="20241118 16:53:04.090"/>
</kw>
<status status="PASS" starttime="20241118 16:53:03.780" endtime="20241118 16:53:04.090"/>
</kw>
<test id="s1-s1-t1" name="Click Login Link" line="8">
<kw name="Reset Application And Go To Starting Page" type="SETUP">
<kw name="Reset Application" library="AppLibrary">
<status status="PASS" starttime="20241118 16:53:04.091" endtime="20241118 16:53:04.093"/>
</kw>
<kw name="Go To Starting Page" library="resource">
<kw name="Go To" library="SeleniumLibrary">
<arg>${HOME_URL}</arg>
<doc>Navigates the current browser window to the provided ``url``.</doc>
<msg timestamp="20241118 16:53:04.093" level="INFO">Opening url 'http://localhost:5001'</msg>
<status status="PASS" starttime="20241118 16:53:04.093" endtime="20241118 16:53:04.126"/>
</kw>
<status status="PASS" starttime="20241118 16:53:04.093" endtime="20241118 16:53:04.126"/>
</kw>
<status status="PASS" starttime="20241118 16:53:04.090" endtime="20241118 16:53:04.126"/>
</kw>
<kw name="Click Link" library="SeleniumLibrary">
<arg>Login</arg>
<doc>Clicks a link identified by ``locator``.</doc>
<msg timestamp="20241118 16:53:04.126" level="INFO">Clicking link 'Login'.</msg>
<status status="PASS" starttime="20241118 16:53:04.126" endtime="20241118 16:53:04.179"/>
</kw>
<kw name="Login Page Should Be Open" library="resource">
<kw name="Title Should Be" library="SeleniumLibrary">
<arg>Login</arg>
<doc>Verifies that the current page title equals ``title``.</doc>
<msg timestamp="20241118 16:53:04.182" level="INFO">Page title is 'Login'.</msg>
<status status="PASS" starttime="20241118 16:53:04.180" endtime="20241118 16:53:04.182"/>
</kw>
<status status="PASS" starttime="20241118 16:53:04.179" endtime="20241118 16:53:04.182"/>
</kw>
<status status="PASS" starttime="20241118 16:53:04.090" endtime="20241118 16:53:04.183"/>
</test>
<test id="s1-s1-t2" name="Click Register Link" line="12">
<kw name="Reset Application And Go To Starting Page" type="SETUP">
<kw name="Reset Application" library="AppLibrary">
<status status="PASS" starttime="20241118 16:53:04.183" endtime="20241118 16:53:04.185"/>
</kw>
<kw name="Go To Starting Page" library="resource">
<kw name="Go To" library="SeleniumLibrary">
<arg>${HOME_URL}</arg>
<doc>Navigates the current browser window to the provided ``url``.</doc>
<msg timestamp="20241118 16:53:04.186" level="INFO">Opening url 'http://localhost:5001'</msg>
<status status="PASS" starttime="20241118 16:53:04.186" endtime="20241118 16:53:04.205"/>
</kw>
<status status="PASS" starttime="20241118 16:53:04.185" endtime="20241118 16:53:04.205"/>
</kw>
<status status="PASS" starttime="20241118 16:53:04.183" endtime="20241118 16:53:04.205"/>
</kw>
<kw name="Click Link" library="SeleniumLibrary">
<arg>Register new user</arg>
<doc>Clicks a link identified by ``locator``.</doc>
<msg timestamp="20241118 16:53:04.206" level="INFO">Clicking link 'Register new user'.</msg>
<status status="PASS" starttime="20241118 16:53:04.205" endtime="20241118 16:53:04.249"/>
</kw>
<kw name="Register Page Should Be Open" library="resource">
<kw name="Title Should Be" library="SeleniumLibrary">
<arg>Register</arg>
<doc>Verifies that the current page title equals ``title``.</doc>
<msg timestamp="20241118 16:53:04.253" level="INFO">Page title is 'Register'.</msg>
<status status="PASS" starttime="20241118 16:53:04.250" endtime="20241118 16:53:04.253"/>
</kw>
<status status="PASS" starttime="20241118 16:53:04.249" endtime="20241118 16:53:04.253"/>
</kw>
<status status="PASS" starttime="20241118 16:53:04.183" endtime="20241118 16:53:04.253"/>
</test>
<kw name="Close Browser" library="SeleniumLibrary" type="TEARDOWN">
<doc>Closes the current browser.</doc>
<status status="PASS" starttime="20241118 16:53:04.254" endtime="20241118 16:53:04.322"/>
</kw>
<status status="PASS" starttime="20241118 16:53:03.681" endtime="20241118 16:53:04.322"/>
</suite>
<suite id="s1-s2" name="Login" source="/home/x/edu/Ohjelmistotuotanto_Software_Engineering/ohjelmistotuotanto-palautusrepositorio/viikko3/web-login/src/tests/login.robot">
<kw name="Open And Configure Browser" library="resource" type="SETUP">
<if>
<branch type="IF" condition="$BROWSER == 'chrome'">
<kw name="Evaluate" library="BuiltIn">
<var>${options}</var>
<arg>sys.modules['selenium.webdriver'].ChromeOptions()</arg>
<arg>sys</arg>
<doc>Evaluates the given expression in Python and returns the result.</doc>
<msg timestamp="20241118 16:53:04.325" level="INFO">${options} = &lt;selenium.webdriver.chrome.options.Options object at 0x79141d20f650&gt;</msg>
<status status="PASS" starttime="20241118 16:53:04.325" endtime="20241118 16:53:04.325"/>
</kw>
<status status="PASS" starttime="20241118 16:53:04.325" endtime="20241118 16:53:04.325"/>
</branch>
<branch type="ELSE IF" condition="$BROWSER == 'firefox'">
<kw name="Evaluate" library="BuiltIn">
<var>${options}</var>
<arg>sys.modules['selenium.webdriver'].FirefoxOptions()</arg>
<arg>sys</arg>
<doc>Evaluates the given expression in Python and returns the result.</doc>
<status status="NOT RUN" starttime="20241118 16:53:04.326" endtime="20241118 16:53:04.326"/>
</kw>
<status status="NOT RUN" starttime="20241118 16:53:04.325" endtime="20241118 16:53:04.326"/>
</branch>
<status status="PASS" starttime="20241118 16:53:04.325" endtime="20241118 16:53:04.326"/>
</if>
<if>
<branch type="IF" condition="$HEADLESS == 'true'">
<kw name="Set Selenium Speed" library="SeleniumLibrary">
<arg>0</arg>
<doc>Sets the delay that is waited after each Selenium command.</doc>
<status status="PASS" starttime="20241118 16:53:04.326" endtime="20241118 16:53:04.326"/>
</kw>
<kw name="Call Method" library="BuiltIn">
<arg>${options}</arg>
<arg>add_argument</arg>
<arg>--headless</arg>
<doc>Calls the named method of the given object with the provided arguments.</doc>
<status status="PASS" starttime="20241118 16:53:04.326" endtime="20241118 16:53:04.326"/>
</kw>
<status status="PASS" starttime="20241118 16:53:04.326" endtime="20241118 16:53:04.326"/>
</branch>
<branch type="ELSE">
<kw name="Set Selenium Speed" library="SeleniumLibrary">
<arg>${DELAY}</arg>
<doc>Sets the delay that is waited after each Selenium command.</doc>
<status status="NOT RUN" starttime="20241118 16:53:04.326" endtime="20241118 16:53:04.326"/>
</kw>
<status status="NOT RUN" starttime="20241118 16:53:04.326" endtime="20241118 16:53:04.326"/>
</branch>
<status status="PASS" starttime="20241118 16:53:04.326" endtime="20241118 16:53:04.326"/>
</if>
<kw name="Open Browser" library="SeleniumLibrary">
<arg>browser=${BROWSER}</arg>
<arg>options=${options}</arg>
<doc>Opens a new browser instance to the optional ``url``.</doc>
<msg timestamp="20241118 16:53:04.327" level="INFO">Opening browser 'chrome' to base url 'None'.</msg>
<status status="PASS" starttime="20241118 16:53:04.326" endtime="20241118 16:53:04.625"/>
</kw>
<status status="PASS" starttime="20241118 16:53:04.325" endtime="20241118 16:53:04.625"/>
</kw>
<test id="s1-s2-t1" name="Login With Correct Credentials" line="8">
<kw name="Reset Application Create User And Go To Login Page" type="SETUP">
<kw name="Reset Application" library="AppLibrary">
<status status="PASS" starttime="20241118 16:53:04.626" endtime="20241118 16:53:04.628"/>
</kw>
<kw name="Create User" library="AppLibrary">
<arg>kalle</arg>
<arg>kalle123</arg>
<status status="PASS" starttime="20241118 16:53:04.628" endtime="20241118 16:53:04.631"/>
</kw>
<kw name="Go To Login Page" library="resource">
<kw name="Go To" library="SeleniumLibrary">
<arg>${LOGIN_URL}</arg>
<doc>Navigates the current browser window to the provided ``url``.</doc>
<msg timestamp="20241118 16:53:04.632" level="INFO">Opening url 'http://localhost:5001/login'</msg>
<status status="PASS" starttime="20241118 16:53:04.632" endtime="20241118 16:53:04.667"/>
</kw>
<status status="PASS" starttime="20241118 16:53:04.631" endtime="20241118 16:53:04.667"/>
</kw>
<status status="PASS" starttime="20241118 16:53:04.626" endtime="20241118 16:53:04.667"/>
</kw>
<kw name="Set Username">
<arg>kalle</arg>
<kw name="Input Text" library="SeleniumLibrary">
<arg>username</arg>
<arg>${username}</arg>
<doc>Types the given ``text`` into the text field identified by ``locator``.</doc>
<msg timestamp="20241118 16:53:04.667" level="INFO">Typing text 'kalle' into text field 'username'.</msg>
<status status="PASS" starttime="20241118 16:53:04.667" endtime="20241118 16:53:04.730"/>
</kw>
<status status="PASS" starttime="20241118 16:53:04.667" endtime="20241118 16:53:04.730"/>
</kw>
<kw name="Set Password">
<arg>kalle123</arg>
<kw name="Input Password" library="SeleniumLibrary">
<arg>password</arg>
<arg>${password}</arg>
<doc>Types the given password into the text field identified by ``locator``.</doc>
<msg timestamp="20241118 16:53:04.731" level="INFO">Typing password into text field 'password'.</msg>
<msg timestamp="20241118 16:53:04.753" level="INFO">Temporally setting log level to: NONE</msg>
<msg timestamp="20241118 16:53:04.776" level="INFO">Log level changed from NONE to INFO.</msg>
<status status="PASS" starttime="20241118 16:53:04.731" endtime="20241118 16:53:04.776"/>
</kw>
<status status="PASS" starttime="20241118 16:53:04.731" endtime="20241118 16:53:04.776"/>
</kw>
<kw name="Submit Credentials">
<kw name="Click Button" library="SeleniumLibrary">
<arg>Login</arg>
<doc>Clicks the button identified by ``locator``.</doc>
<msg timestamp="20241118 16:53:04.776" level="INFO">Clicking button 'Login'.</msg>
<status status="PASS" starttime="20241118 16:53:04.776" endtime="20241118 16:53:04.819"/>
</kw>
<status status="PASS" starttime="20241118 16:53:04.776" endtime="20241118 16:53:04.819"/>
</kw>
<kw name="Login Should Succeed">
<kw name="Main Page Should Be Open" library="resource">
<kw name="Title Should Be" library="SeleniumLibrary">
<arg>Ohtu Application main page</arg>
<doc>Verifies that the current page title equals ``title``.</doc>
<msg timestamp="20241118 16:53:04.830" level="INFO">Page title is 'Ohtu Application main page'.</msg>
<status status="PASS" starttime="20241118 16:53:04.820" endtime="20241118 16:53:04.830"/>
</kw>
<status status="PASS" starttime="20241118 16:53:04.820" endtime="20241118 16:53:04.830"/>
</kw>
<status status="PASS" starttime="20241118 16:53:04.820" endtime="20241118 16:53:04.830"/>
</kw>
<status status="PASS" starttime="20241118 16:53:04.625" endtime="20241118 16:53:04.830"/>
</test>
<test id="s1-s2-t2" name="Login With Incorrect Password" line="14">
<kw name="Reset Application Create User And Go To Login Page" type="SETUP">
<kw name="Reset Application" library="AppLibrary">
<status status="PASS" starttime="20241118 16:53:04.831" endtime="20241118 16:53:04.833"/>
</kw>
<kw name="Create User" library="AppLibrary">
<arg>kalle</arg>
<arg>kalle123</arg>
<status status="PASS" starttime="20241118 16:53:04.833" endtime="20241118 16:53:04.837"/>
</kw>
<kw name="Go To Login Page" library="resource">
<kw name="Go To" library="SeleniumLibrary">
<arg>${LOGIN_URL}</arg>
<doc>Navigates the current browser window to the provided ``url``.</doc>
<msg timestamp="20241118 16:53:04.837" level="INFO">Opening url 'http://localhost:5001/login'</msg>
<status status="PASS" starttime="20241118 16:53:04.837" endtime="20241118 16:53:04.852"/>
</kw>
<status status="PASS" starttime="20241118 16:53:04.837" endtime="20241118 16:53:04.852"/>
</kw>
<status status="PASS" starttime="20241118 16:53:04.831" endtime="20241118 16:53:04.852"/>
</kw>
<kw name="Set Username">
<arg>kalle</arg>
<kw name="Input Text" library="SeleniumLibrary">
<arg>username</arg>
<arg>${username}</arg>
<doc>Types the given ``text`` into the text field identified by ``locator``.</doc>
<msg timestamp="20241118 16:53:04.853" level="INFO">Typing text 'kalle' into text field 'username'.</msg>
<status status="PASS" starttime="20241118 16:53:04.853" endtime="20241118 16:53:04.894"/>
</kw>
<status status="PASS" starttime="20241118 16:53:04.852" endtime="20241118 16:53:04.894"/>
</kw>
<kw name="Set Password">
<arg>kalle456</arg>
<kw name="Input Password" library="SeleniumLibrary">
<arg>password</arg>
<arg>${password}</arg>
<doc>Types the given password into the text field identified by ``locator``.</doc>
<msg timestamp="20241118 16:53:04.894" level="INFO">Typing password into text field 'password'.</msg>
<msg timestamp="20241118 16:53:04.912" level="INFO">Temporally setting log level to: NONE</msg>
<msg timestamp="20241118 16:53:04.933" level="INFO">Log level changed from NONE to INFO.</msg>
<status status="PASS" starttime="20241118 16:53:04.894" endtime="20241118 16:53:04.933"/>
</kw>
<status status="PASS" starttime="20241118 16:53:04.894" endtime="20241118 16:53:04.934"/>
</kw>
<kw name="Submit Credentials">
<kw name="Click Button" library="SeleniumLibrary">
<arg>Login</arg>
<doc>Clicks the button identified by ``locator``.</doc>
<msg timestamp="20241118 16:53:04.934" level="INFO">Clicking button 'Login'.</msg>
<status status="PASS" starttime="20241118 16:53:04.934" endtime="20241118 16:53:04.967"/>
</kw>
<status status="PASS" starttime="20241118 16:53:04.934" endtime="20241118 16:53:04.967"/>
</kw>
<kw name="Login Should Fail With Message">
<arg>Invalid username or password</arg>
<kw name="Login Page Should Be Open" library="resource">
<kw name="Title Should Be" library="SeleniumLibrary">
<arg>Login</arg>
<doc>Verifies that the current page title equals ``title``.</doc>
<msg timestamp="20241118 16:53:04.977" level="INFO">Page title is 'Login'.</msg>
<status status="PASS" starttime="20241118 16:53:04.967" endtime="20241118 16:53:04.977"/>
</kw>
<status status="PASS" starttime="20241118 16:53:04.967" endtime="20241118 16:53:04.977"/>
</kw>
<kw name="Page Should Contain" library="SeleniumLibrary">
<arg>${message}</arg>
<doc>Verifies that current page contains ``text``.</doc>
<msg timestamp="20241118 16:53:04.986" level="INFO">Current page contains text 'Invalid username or password'.</msg>
<status status="PASS" starttime="20241118 16:53:04.977" endtime="20241118 16:53:04.986"/>
</kw>
<status status="PASS" starttime="20241118 16:53:04.967" endtime="20241118 16:53:04.986"/>
</kw>
<status status="PASS" starttime="20241118 16:53:04.831" endtime="20241118 16:53:04.986"/>
</test>
<test id="s1-s2-t3" name="Login With Nonexistent Username" line="20">
<kw name="Reset Application Create User And Go To Login Page" type="SETUP">
<kw name="Reset Application" library="AppLibrary">
<status status="PASS" starttime="20241118 16:53:04.987" endtime="20241118 16:53:04.989"/>
</kw>
<kw name="Create User" library="AppLibrary">
<arg>kalle</arg>
<arg>kalle123</arg>
<status status="PASS" starttime="20241118 16:53:04.989" endtime="20241118 16:53:04.993"/>
</kw>
<kw name="Go To Login Page" library="resource">
<kw name="Go To" library="SeleniumLibrary">
<arg>${LOGIN_URL}</arg>
<doc>Navigates the current browser window to the provided ``url``.</doc>
<msg timestamp="20241118 16:53:04.993" level="INFO">Opening url 'http://localhost:5001/login'</msg>
<status status="PASS" starttime="20241118 16:53:04.993" endtime="20241118 16:53:05.005"/>
</kw>
<status status="PASS" starttime="20241118 16:53:04.993" endtime="20241118 16:53:05.005"/>
</kw>
<status status="PASS" starttime="20241118 16:53:04.987" endtime="20241118 16:53:05.005"/>
</kw>
<kw name="Set Username">
<arg>badusername</arg>
<kw name="Input Text" library="SeleniumLibrary">
<arg>username</arg>
<arg>${username}</arg>
<doc>Types the given ``text`` into the text field identified by ``locator``.</doc>
<msg timestamp="20241118 16:53:05.006" level="INFO">Typing text 'badusername' into text field 'username'.</msg>
<status status="PASS" starttime="20241118 16:53:05.006" endtime="20241118 16:53:05.047"/>
</kw>
<status status="PASS" starttime="20241118 16:53:05.005" endtime="20241118 16:53:05.047"/>
</kw>
<kw name="Set Password">
<arg>kalle456</arg>
<kw name="Input Password" library="SeleniumLibrary">
<arg>password</arg>
<arg>${password}</arg>
<doc>Types the given password into the text field identified by ``locator``.</doc>
<msg timestamp="20241118 16:53:05.048" level="INFO">Typing password into text field 'password'.</msg>
<msg timestamp="20241118 16:53:05.065" level="INFO">Temporally setting log level to: NONE</msg>
<msg timestamp="20241118 16:53:05.088" level="INFO">Log level changed from NONE to INFO.</msg>
<status status="PASS" starttime="20241118 16:53:05.048" endtime="20241118 16:53:05.088"/>
</kw>
<status status="PASS" starttime="20241118 16:53:05.048" endtime="20241118 16:53:05.088"/>
</kw>
<kw name="Submit Credentials">
<kw name="Click Button" library="SeleniumLibrary">
<arg>Login</arg>
<doc>Clicks the button identified by ``locator``.</doc>
<msg timestamp="20241118 16:53:05.088" level="INFO">Clicking button 'Login'.</msg>
<status status="PASS" starttime="20241118 16:53:05.088" endtime="20241118 16:53:05.125"/>
</kw>
<status status="PASS" starttime="20241118 16:53:05.088" endtime="20241118 16:53:05.125"/>
</kw>
<kw name="Login Should Fail With Message">
<arg>Invalid username or password</arg>
<kw name="Login Page Should Be Open" library="resource">
<kw name="Title Should Be" library="SeleniumLibrary">
<arg>Login</arg>
<doc>Verifies that the current page title equals ``title``.</doc>
<msg timestamp="20241118 16:53:05.132" level="INFO">Page title is 'Login'.</msg>
<status status="PASS" starttime="20241118 16:53:05.126" endtime="20241118 16:53:05.132"/>
</kw>
<status status="PASS" starttime="20241118 16:53:05.125" endtime="20241118 16:53:05.132"/>
</kw>
<kw name="Page Should Contain" library="SeleniumLibrary">
<arg>${message}</arg>
<doc>Verifies that current page contains ``text``.</doc>
<msg timestamp="20241118 16:53:05.139" level="INFO">Current page contains text 'Invalid username or password'.</msg>
<status status="PASS" starttime="20241118 16:53:05.132" endtime="20241118 16:53:05.140"/>
</kw>
<status status="PASS" starttime="20241118 16:53:05.125" endtime="20241118 16:53:05.140"/>
</kw>
<status status="PASS" starttime="20241118 16:53:04.986" endtime="20241118 16:53:05.140"/>
</test>
<kw name="Close Browser" library="SeleniumLibrary" type="TEARDOWN">
<doc>Closes the current browser.</doc>
<status status="PASS" starttime="20241118 16:53:05.140" endtime="20241118 16:53:05.203"/>
</kw>
<status status="PASS" starttime="20241118 16:53:04.323" endtime="20241118 16:53:05.204"/>
</suite>
<suite id="s1-s3" name="Register" source="/home/x/edu/Ohjelmistotuotanto_Software_Engineering/ohjelmistotuotanto-palautusrepositorio/viikko3/web-login/src/tests/register.robot">
<kw name="Open And Configure Browser" library="resource" type="SETUP">
<if>
<branch type="IF" condition="$BROWSER == 'chrome'">
<kw name="Evaluate" library="BuiltIn">
<var>${options}</var>
<arg>sys.modules['selenium.webdriver'].ChromeOptions()</arg>
<arg>sys</arg>
<doc>Evaluates the given expression in Python and returns the result.</doc>
<msg timestamp="20241118 16:53:05.210" level="INFO">${options} = &lt;selenium.webdriver.chrome.options.Options object at 0x79141cea4680&gt;</msg>
<status status="PASS" starttime="20241118 16:53:05.210" endtime="20241118 16:53:05.210"/>
</kw>
<status status="PASS" starttime="20241118 16:53:05.210" endtime="20241118 16:53:05.210"/>
</branch>
<branch type="ELSE IF" condition="$BROWSER == 'firefox'">
<kw name="Evaluate" library="BuiltIn">
<var>${options}</var>
<arg>sys.modules['selenium.webdriver'].FirefoxOptions()</arg>
<arg>sys</arg>
<doc>Evaluates the given expression in Python and returns the result.</doc>
<status status="NOT RUN" starttime="20241118 16:53:05.211" endtime="20241118 16:53:05.211"/>
</kw>
<status status="NOT RUN" starttime="20241118 16:53:05.210" endtime="20241118 16:53:05.211"/>
</branch>
<status status="PASS" starttime="20241118 16:53:05.210" endtime="20241118 16:53:05.211"/>
</if>
<if>
<branch type="IF" condition="$HEADLESS == 'true'">
<kw name="Set Selenium Speed" library="SeleniumLibrary">
<arg>0</arg>
<doc>Sets the delay that is waited after each Selenium command.</doc>
<status status="PASS" starttime="20241118 16:53:05.211" endtime="20241118 16:53:05.211"/>
</kw>
<kw name="Call Method" library="BuiltIn">
<arg>${options}</arg>
<arg>add_argument</arg>
<arg>--headless</arg>
<doc>Calls the named method of the given object with the provided arguments.</doc>
<status status="PASS" starttime="20241118 16:53:05.212" endtime="20241118 16:53:05.212"/>
</kw>
<status status="PASS" starttime="20241118 16:53:05.211" endtime="20241118 16:53:05.212"/>
</branch>
<branch type="ELSE">
<kw name="Set Selenium Speed" library="SeleniumLibrary">
<arg>${DELAY}</arg>
<doc>Sets the delay that is waited after each Selenium command.</doc>
<status status="NOT RUN" starttime="20241118 16:53:05.212" endtime="20241118 16:53:05.212"/>
</kw>
<status status="NOT RUN" starttime="20241118 16:53:05.212" endtime="20241118 16:53:05.212"/>
</branch>
<status status="PASS" starttime="20241118 16:53:05.211" endtime="20241118 16:53:05.212"/>
</if>
<kw name="Open Browser" library="SeleniumLibrary">
<arg>browser=${BROWSER}</arg>
<arg>options=${options}</arg>
<doc>Opens a new browser instance to the optional ``url``.</doc>
<msg timestamp="20241118 16:53:05.213" level="INFO">Opening browser 'chrome' to base url 'None'.</msg>
<status status="PASS" starttime="20241118 16:53:05.212" endtime="20241118 16:53:05.543"/>
</kw>
<status status="PASS" starttime="20241118 16:53:05.209" endtime="20241118 16:53:05.543"/>
</kw>
<test id="s1-s3-t1" name="Register With Valid Username And Password" line="8">
<kw name="Reset Application Create User And Go To Register Page" type="SETUP">
<kw name="Reset Application" library="AppLibrary">
<status status="PASS" starttime="20241118 16:53:05.544" endtime="20241118 16:53:05.546"/>
</kw>
<kw name="Go To Register Page" library="resource">
<kw name="Go To" library="SeleniumLibrary">
<arg>${REGISTER_URL}</arg>
<doc>Navigates the current browser window to the provided ``url``.</doc>
<msg timestamp="20241118 16:53:05.546" level="INFO">Opening url 'http://localhost:5001/register'</msg>
<status status="PASS" starttime="20241118 16:53:05.546" endtime="20241118 16:53:05.585"/>
</kw>
<status status="PASS" starttime="20241118 16:53:05.546" endtime="20241118 16:53:05.585"/>
</kw>
<status status="PASS" starttime="20241118 16:53:05.543" endtime="20241118 16:53:05.585"/>
</kw>
<kw name="Set Username">
<arg>john</arg>
<kw name="Input Text" library="SeleniumLibrary">
<arg>username</arg>
<arg>${username}</arg>
<doc>Types the given ``text`` into the text field identified by ``locator``.</doc>
<msg timestamp="20241118 16:53:05.586" level="INFO">Typing text 'john' into text field 'username'.</msg>
<status status="PASS" starttime="20241118 16:53:05.585" endtime="20241118 16:53:05.648"/>
</kw>
<status status="PASS" starttime="20241118 16:53:05.585" endtime="20241118 16:53:05.648"/>
</kw>
<kw name="Set Password">
<arg>P@ssw0rd123</arg>
<kw name="Input Password" library="SeleniumLibrary">
<arg>password</arg>
<arg>${password}</arg>
<doc>Types the given password into the text field identified by ``locator``.</doc>
<msg timestamp="20241118 16:53:05.648" level="INFO">Typing password into text field 'password'.</msg>
<msg timestamp="20241118 16:53:05.670" level="INFO">Temporally setting log level to: NONE</msg>
<msg timestamp="20241118 16:53:05.693" level="INFO">Log level changed from NONE to INFO.</msg>
<status status="PASS" starttime="20241118 16:53:05.648" endtime="20241118 16:53:05.693"/>
</kw>
<status status="PASS" starttime="20241118 16:53:05.648" endtime="20241118 16:53:05.693"/>
</kw>
<kw name="Set Password Confirmation">
<arg>P@ssw0rd123</arg>
<kw name="Input Password" library="SeleniumLibrary">
<arg>password_confirmation</arg>
<arg>${password_confirmation}</arg>
<doc>Types the given password into the text field identified by ``locator``.</doc>
<msg timestamp="20241118 16:53:05.693" level="INFO">Typing password into text field 'password_confirmation'.</msg>
<msg timestamp="20241118 16:53:05.714" level="INFO">Temporally setting log level to: NONE</msg>
<msg timestamp="20241118 16:53:05.737" level="INFO">Log level changed from NONE to INFO.</msg>
<status status="PASS" starttime="20241118 16:53:05.693" endtime="20241118 16:53:05.737"/>
</kw>
<status status="PASS" starttime="20241118 16:53:05.693" endtime="20241118 16:53:05.738"/>
</kw>
<kw name="Submit Registration">
<kw name="Click Button" library="SeleniumLibrary">
<arg>Register</arg>
<doc>Clicks the button identified by ``locator``.</doc>
<msg timestamp="20241118 16:53:05.738" level="INFO">Clicking button 'Register'.</msg>
<status status="PASS" starttime="20241118 16:53:05.738" endtime="20241118 16:53:05.791"/>
</kw>
<status status="PASS" starttime="20241118 16:53:05.738" endtime="20241118 16:53:05.791"/>
</kw>
<kw name="Registration Should Succeed">
<kw name="Welcome Page Should Be Open">
<kw name="Title Should Be" library="SeleniumLibrary">
<arg>Welcome to Ohtu Application!</arg>
<doc>Verifies that the current page title equals ``title``.</doc>
<msg timestamp="20241118 16:53:05.794" level="INFO">Page title is 'Welcome to Ohtu Application!'.</msg>
<status status="PASS" starttime="20241118 16:53:05.792" endtime="20241118 16:53:05.794"/>
</kw>
<status status="PASS" starttime="20241118 16:53:05.791" endtime="20241118 16:53:05.794"/>
</kw>
<status status="PASS" starttime="20241118 16:53:05.791" endtime="20241118 16:53:05.794"/>
</kw>
<status status="PASS" starttime="20241118 16:53:05.543" endtime="20241118 16:53:05.795"/>
</test>
<test id="s1-s3-t2" name="Register With Too Short Username And Valid Password" line="15">
<kw name="Reset Application Create User And Go To Register Page" type="SETUP">
<kw name="Reset Application" library="AppLibrary">
<status status="PASS" starttime="20241118 16:53:05.795" endtime="20241118 16:53:05.797"/>
</kw>
<kw name="Go To Register Page" library="resource">
<kw name="Go To" library="SeleniumLibrary">
<arg>${REGISTER_URL}</arg>
<doc>Navigates the current browser window to the provided ``url``.</doc>
<msg timestamp="20241118 16:53:05.797" level="INFO">Opening url 'http://localhost:5001/register'</msg>
<status status="PASS" starttime="20241118 16:53:05.797" endtime="20241118 16:53:05.813"/>
</kw>
<status status="PASS" starttime="20241118 16:53:05.797" endtime="20241118 16:53:05.813"/>
</kw>
<status status="PASS" starttime="20241118 16:53:05.795" endtime="20241118 16:53:05.813"/>
</kw>
<kw name="Set Username">
<arg>jo</arg>
<kw name="Input Text" library="SeleniumLibrary">
<arg>username</arg>
<arg>${username}</arg>
<doc>Types the given ``text`` into the text field identified by ``locator``.</doc>
<msg timestamp="20241118 16:53:05.814" level="INFO">Typing text 'jo' into text field 'username'.</msg>
<status status="PASS" starttime="20241118 16:53:05.814" endtime="20241118 16:53:05.855"/>
</kw>
<status status="PASS" starttime="20241118 16:53:05.814" endtime="20241118 16:53:05.855"/>
</kw>
<kw name="Set Password">
<arg>P@ssw0rd123</arg>
<kw name="Input Password" library="SeleniumLibrary">
<arg>password</arg>
<arg>${password}</arg>
<doc>Types the given password into the text field identified by ``locator``.</doc>
<msg timestamp="20241118 16:53:05.856" level="INFO">Typing password into text field 'password'.</msg>
<msg timestamp="20241118 16:53:05.874" level="INFO">Temporally setting log level to: NONE</msg>
<msg timestamp="20241118 16:53:05.895" level="INFO">Log level changed from NONE to INFO.</msg>
<status status="PASS" starttime="20241118 16:53:05.855" endtime="20241118 16:53:05.895"/>
</kw>
<status status="PASS" starttime="20241118 16:53:05.855" endtime="20241118 16:53:05.895"/>
</kw>
<kw name="Set Password Confirmation">
<arg>P@ssw0rd123</arg>
<kw name="Input Password" library="SeleniumLibrary">
<arg>password_confirmation</arg>
<arg>${password_confirmation}</arg>
<doc>Types the given password into the text field identified by ``locator``.</doc>
<msg timestamp="20241118 16:53:05.896" level="INFO">Typing password into text field 'password_confirmation'.</msg>
<msg timestamp="20241118 16:53:05.915" level="INFO">Temporally setting log level to: NONE</msg>
<msg timestamp="20241118 16:53:05.937" level="INFO">Log level changed from NONE to INFO.</msg>
<status status="PASS" starttime="20241118 16:53:05.896" endtime="20241118 16:53:05.937"/>
</kw>
<status status="PASS" starttime="20241118 16:53:05.895" endtime="20241118 16:53:05.937"/>
</kw>
<kw name="Submit Registration">
<kw name="Click Button" library="SeleniumLibrary">
<arg>Register</arg>
<doc>Clicks the button identified by ``locator``.</doc>
<msg timestamp="20241118 16:53:05.938" level="INFO">Clicking button 'Register'.</msg>
<status status="PASS" starttime="20241118 16:53:05.937" endtime="20241118 16:53:05.972"/>
</kw>
<status status="PASS" starttime="20241118 16:53:05.937" endtime="20241118 16:53:05.972"/>
</kw>
<kw name="Registration Should Fail With Message">
<arg>Username must be at least 3 characters long</arg>
<kw name="Register Page Should Be Open" library="resource">
<kw name="Title Should Be" library="SeleniumLibrary">
<arg>Register</arg>
<doc>Verifies that the current page title equals ``title``.</doc>
<msg timestamp="20241118 16:53:05.981" level="INFO">Page title is 'Register'.</msg>
<status status="PASS" starttime="20241118 16:53:05.972" endtime="20241118 16:53:05.981"/>
</kw>
<status status="PASS" starttime="20241118 16:53:05.972" endtime="20241118 16:53:05.981"/>
</kw>
<kw name="Page Should Contain" library="SeleniumLibrary">
<arg>${message}</arg>
<doc>Verifies that current page contains ``text``.</doc>
<msg timestamp="20241118 16:53:05.991" level="INFO">Current page contains text 'Username must be at least 3 characters long'.</msg>
<status status="PASS" starttime="20241118 16:53:05.981" endtime="20241118 16:53:05.991"/>
</kw>
<status status="PASS" starttime="20241118 16:53:05.972" endtime="20241118 16:53:05.992"/>
</kw>
<status status="PASS" starttime="20241118 16:53:05.795" endtime="20241118 16:53:05.992"/>
</test>
<test id="s1-s3-t3" name="Register With Valid Username And Too Short Password" line="22">
<kw name="Reset Application Create User And Go To Register Page" type="SETUP">
<kw name="Reset Application" library="AppLibrary">
<status status="PASS" starttime="20241118 16:53:05.992" endtime="20241118 16:53:05.995"/>
</kw>
<kw name="Go To Register Page" library="resource">
<kw name="Go To" library="SeleniumLibrary">
<arg>${REGISTER_URL}</arg>
<doc>Navigates the current browser window to the provided ``url``.</doc>
<msg timestamp="20241118 16:53:05.995" level="INFO">Opening url 'http://localhost:5001/register'</msg>
<status status="PASS" starttime="20241118 16:53:05.995" endtime="20241118 16:53:06.008"/>
</kw>
<status status="PASS" starttime="20241118 16:53:05.995" endtime="20241118 16:53:06.008"/>
</kw>
<status status="PASS" starttime="20241118 16:53:05.992" endtime="20241118 16:53:06.008"/>
</kw>
<kw name="Set Username">
<arg>john</arg>
<kw name="Input Text" library="SeleniumLibrary">
<arg>username</arg>
<arg>${username}</arg>
<doc>Types the given ``text`` into the text field identified by ``locator``.</doc>
<msg timestamp="20241118 16:53:06.009" level="INFO">Typing text 'john' into text field 'username'.</msg>
<status status="PASS" starttime="20241118 16:53:06.008" endtime="20241118 16:53:06.049"/>
</kw>
<status status="PASS" starttime="20241118 16:53:06.008" endtime="20241118 16:53:06.050"/>
</kw>
<kw name="Set Password">
<arg>Pass</arg>
<kw name="Input Password" library="SeleniumLibrary">
<arg>password</arg>
<arg>${password}</arg>
<doc>Types the given password into the text field identified by ``locator``.</doc>
<msg timestamp="20241118 16:53:06.050" level="INFO">Typing password into text field 'password'.</msg>
<msg timestamp="20241118 16:53:06.068" level="INFO">Temporally setting log level to: NONE</msg>
<msg timestamp="20241118 16:53:06.088" level="INFO">Log level changed from NONE to INFO.</msg>
<status status="PASS" starttime="20241118 16:53:06.050" endtime="20241118 16:53:06.088"/>
</kw>
<status status="PASS" starttime="20241118 16:53:06.050" endtime="20241118 16:53:06.088"/>
</kw>
<kw name="Set Password Confirmation">
<arg>Pass</arg>
<kw name="Input Password" library="SeleniumLibrary">
<arg>password_confirmation</arg>
<arg>${password_confirmation}</arg>
<doc>Types the given password into the text field identified by ``locator``.</doc>
<msg timestamp="20241118 16:53:06.089" level="INFO">Typing password into text field 'password_confirmation'.</msg>
<msg timestamp="20241118 16:53:06.107" level="INFO">Temporally setting log level to: NONE</msg>
<msg timestamp="20241118 16:53:06.128" level="INFO">Log level changed from NONE to INFO.</msg>
<status status="PASS" starttime="20241118 16:53:06.089" endtime="20241118 16:53:06.128"/>
</kw>
<status status="PASS" starttime="20241118 16:53:06.088" endtime="20241118 16:53:06.128"/>
</kw>
<kw name="Submit Registration">
<kw name="Click Button" library="SeleniumLibrary">
<arg>Register</arg>
<doc>Clicks the button identified by ``locator``.</doc>
<msg timestamp="20241118 16:53:06.128" level="INFO">Clicking button 'Register'.</msg>
<status status="PASS" starttime="20241118 16:53:06.128" endtime="20241118 16:53:06.162"/>
</kw>
<status status="PASS" starttime="20241118 16:53:06.128" endtime="20241118 16:53:06.162"/>
</kw>
<kw name="Registration Should Fail With Message">
<arg>Password must be at least 8 characters long</arg>
<kw name="Register Page Should Be Open" library="resource">
<kw name="Title Should Be" library="SeleniumLibrary">
<arg>Register</arg>
<doc>Verifies that the current page title equals ``title``.</doc>
<msg timestamp="20241118 16:53:06.171" level="INFO">Page title is 'Register'.</msg>
<status status="PASS" starttime="20241118 16:53:06.162" endtime="20241118 16:53:06.172"/>
</kw>
<status status="PASS" starttime="20241118 16:53:06.162" endtime="20241118 16:53:06.172"/>
</kw>
<kw name="Page Should Contain" library="SeleniumLibrary">
<arg>${message}</arg>
<doc>Verifies that current page contains ``text``.</doc>
<msg timestamp="20241118 16:53:06.180" level="INFO">Current page contains text 'Password must be at least 8 characters long'.</msg>
<status status="PASS" starttime="20241118 16:53:06.172" endtime="20241118 16:53:06.180"/>
</kw>
<status status="PASS" starttime="20241118 16:53:06.162" endtime="20241118 16:53:06.180"/>
</kw>
<status status="PASS" starttime="20241118 16:53:05.992" endtime="20241118 16:53:06.181"/>
</test>
<test id="s1-s3-t4" name="Register With Valid Username And Invalid Password" line="29">
<kw name="Reset Application Create User And Go To Register Page" type="SETUP">
<kw name="Reset Application" library="AppLibrary">
<status status="PASS" starttime="20241118 16:53:06.181" endtime="20241118 16:53:06.183"/>
</kw>
<kw name="Go To Register Page" library="resource">
<kw name="Go To" library="SeleniumLibrary">
<arg>${REGISTER_URL}</arg>
<doc>Navigates the current browser window to the provided ``url``.</doc>
<msg timestamp="20241118 16:53:06.183" level="INFO">Opening url 'http://localhost:5001/register'</msg>
<status status="PASS" starttime="20241118 16:53:06.183" endtime="20241118 16:53:06.196"/>
</kw>
<status status="PASS" starttime="20241118 16:53:06.183" endtime="20241118 16:53:06.196"/>
</kw>
<status status="PASS" starttime="20241118 16:53:06.181" endtime="20241118 16:53:06.196"/>
</kw>
<kw name="Set Username">
<arg>john</arg>
<kw name="Input Text" library="SeleniumLibrary">
<arg>username</arg>
<arg>${username}</arg>
<doc>Types the given ``text`` into the text field identified by ``locator``.</doc>
<msg timestamp="20241118 16:53:06.196" level="INFO">Typing text 'john' into text field 'username'.</msg>
<status status="PASS" starttime="20241118 16:53:06.196" endtime="20241118 16:53:06.238"/>
</kw>
<status status="PASS" starttime="20241118 16:53:06.196" endtime="20241118 16:53:06.238"/>
</kw>
<kw name="Set Password">
<arg>password</arg>
<kw name="Input Password" library="SeleniumLibrary">
<arg>password</arg>
<arg>${password}</arg>
<doc>Types the given password into the text field identified by ``locator``.</doc>
<msg timestamp="20241118 16:53:06.239" level="INFO">Typing password into text field 'password'.</msg>
<msg timestamp="20241118 16:53:06.257" level="INFO">Temporally setting log level to: NONE</msg>
<msg timestamp="20241118 16:53:06.278" level="INFO">Log level changed from NONE to INFO.</msg>
<status status="PASS" starttime="20241118 16:53:06.239" endtime="20241118 16:53:06.278"/>
</kw>
<status status="PASS" starttime="20241118 16:53:06.239" endtime="20241118 16:53:06.278"/>
</kw>
<kw name="Set Password Confirmation">
<arg>password</arg>
<kw name="Input Password" library="SeleniumLibrary">
<arg>password_confirmation</arg>
<arg>${password_confirmation}</arg>
<doc>Types the given password into the text field identified by ``locator``.</doc>
<msg timestamp="20241118 16:53:06.278" level="INFO">Typing password into text field 'password_confirmation'.</msg>
<msg timestamp="20241118 16:53:06.297" level="INFO">Temporally setting log level to: NONE</msg>
<msg timestamp="20241118 16:53:06.317" level="INFO">Log level changed from NONE to INFO.</msg>
<status status="PASS" starttime="20241118 16:53:06.278" endtime="20241118 16:53:06.317"/>
</kw>
<status status="PASS" starttime="20241118 16:53:06.278" endtime="20241118 16:53:06.317"/>
</kw>
<kw name="Submit Registration">
<kw name="Click Button" library="SeleniumLibrary">
<arg>Register</arg>
<doc>Clicks the button identified by ``locator``.</doc>
<msg timestamp="20241118 16:53:06.318" level="INFO">Clicking button 'Register'.</msg>
<status status="PASS" starttime="20241118 16:53:06.318" endtime="20241118 16:53:06.352"/>
</kw>
<status status="PASS" starttime="20241118 16:53:06.317" endtime="20241118 16:53:06.352"/>
</kw>
<kw name="Registration Should Fail With Message">
<arg>Password must include at least one number or special character</arg>
<kw name="Register Page Should Be Open" library="resource">
<kw name="Title Should Be" library="SeleniumLibrary">
<arg>Register</arg>
<doc>Verifies that the current page title equals ``title``.</doc>
<msg timestamp="20241118 16:53:06.362" level="INFO">Page title is 'Register'.</msg>
<status status="PASS" starttime="20241118 16:53:06.353" endtime="20241118 16:53:06.362"/>
</kw>
<status status="PASS" starttime="20241118 16:53:06.352" endtime="20241118 16:53:06.362"/>
</kw>
<kw name="Page Should Contain" library="SeleniumLibrary">
<arg>${message}</arg>
<doc>Verifies that current page contains ``text``.</doc>
<msg timestamp="20241118 16:53:06.372" level="INFO">Current page contains text 'Password must include at least one number or special character'.</msg>
<status status="PASS" starttime="20241118 16:53:06.362" endtime="20241118 16:53:06.372"/>
</kw>
<status status="PASS" starttime="20241118 16:53:06.352" endtime="20241118 16:53:06.372"/>
</kw>
<status status="PASS" starttime="20241118 16:53:06.181" endtime="20241118 16:53:06.372"/>
</test>
<test id="s1-s3-t5" name="Register With Nonmatching Password And Password Confirmation" line="36">
<kw name="Reset Application Create User And Go To Register Page" type="SETUP">
<kw name="Reset Application" library="AppLibrary">
<status status="PASS" starttime="20241118 16:53:06.373" endtime="20241118 16:53:06.375"/>
</kw>
<kw name="Go To Register Page" library="resource">
<kw name="Go To" library="SeleniumLibrary">
<arg>${REGISTER_URL}</arg>
<doc>Navigates the current browser window to the provided ``url``.</doc>
<msg timestamp="20241118 16:53:06.375" level="INFO">Opening url 'http://localhost:5001/register'</msg>
<status status="PASS" starttime="20241118 16:53:06.375" endtime="20241118 16:53:06.387"/>
</kw>
<status status="PASS" starttime="20241118 16:53:06.375" endtime="20241118 16:53:06.387"/>
</kw>
<status status="PASS" starttime="20241118 16:53:06.373" endtime="20241118 16:53:06.387"/>
</kw>
<kw name="Set Username">
<arg>john</arg>
<kw name="Input Text" library="SeleniumLibrary">
<arg>username</arg>
<arg>${username}</arg>
<doc>Types the given ``text`` into the text field identified by ``locator``.</doc>
<msg timestamp="20241118 16:53:06.388" level="INFO">Typing text 'john' into text field 'username'.</msg>
<status status="PASS" starttime="20241118 16:53:06.387" endtime="20241118 16:53:06.426"/>
</kw>
<status status="PASS" starttime="20241118 16:53:06.387" endtime="20241118 16:53:06.426"/>
</kw>
<kw name="Set Password">
<arg>P@ssw0rd123</arg>
<kw name="Input Password" library="SeleniumLibrary">
<arg>password</arg>
<arg>${password}</arg>
<doc>Types the given password into the text field identified by ``locator``.</doc>
<msg timestamp="20241118 16:53:06.427" level="INFO">Typing password into text field 'password'.</msg>
<msg timestamp="20241118 16:53:06.445" level="INFO">Temporally setting log level to: NONE</msg>
<msg timestamp="20241118 16:53:06.468" level="INFO">Log level changed from NONE to INFO.</msg>
<status status="PASS" starttime="20241118 16:53:06.427" endtime="20241118 16:53:06.468"/>
</kw>
<status status="PASS" starttime="20241118 16:53:06.426" endtime="20241118 16:53:06.468"/>
</kw>
<kw name="Set Password Confirmation">
<arg>WrongPassword</arg>
<kw name="Input Password" library="SeleniumLibrary">
<arg>password_confirmation</arg>
<arg>${password_confirmation}</arg>
<doc>Types the given password into the text field identified by ``locator``.</doc>
<msg timestamp="20241118 16:53:06.468" level="INFO">Typing password into text field 'password_confirmation'.</msg>
<msg timestamp="20241118 16:53:06.486" level="INFO">Temporally setting log level to: NONE</msg>
<msg timestamp="20241118 16:53:06.508" level="INFO">Log level changed from NONE to INFO.</msg>
<status status="PASS" starttime="20241118 16:53:06.468" endtime="20241118 16:53:06.508"/>
</kw>
<status status="PASS" starttime="20241118 16:53:06.468" endtime="20241118 16:53:06.508"/>
</kw>
<kw name="Submit Registration">
<kw name="Click Button" library="SeleniumLibrary">
<arg>Register</arg>
<doc>Clicks the button identified by ``locator``.</doc>
<msg timestamp="20241118 16:53:06.509" level="INFO">Clicking button 'Register'.</msg>
<status status="PASS" starttime="20241118 16:53:06.509" endtime="20241118 16:53:06.543"/>
</kw>
<status status="PASS" starttime="20241118 16:53:06.509" endtime="20241118 16:53:06.543"/>
</kw>
<kw name="Registration Should Fail With Message">
<arg>Password and confirmation do not match</arg>
<kw name="Register Page Should Be Open" library="resource">
<kw name="Title Should Be" library="SeleniumLibrary">
<arg>Register</arg>
<doc>Verifies that the current page title equals ``title``.</doc>
<msg timestamp="20241118 16:53:06.550" level="INFO">Page title is 'Register'.</msg>
<status status="PASS" starttime="20241118 16:53:06.543" endtime="20241118 16:53:06.550"/>
</kw>
<status status="PASS" starttime="20241118 16:53:06.543" endtime="20241118 16:53:06.550"/>
</kw>
<kw name="Page Should Contain" library="SeleniumLibrary">
<arg>${message}</arg>
<doc>Verifies that current page contains ``text``.</doc>
<msg timestamp="20241118 16:53:06.562" level="INFO">Current page contains text 'Password and confirmation do not match'.</msg>
<status status="PASS" starttime="20241118 16:53:06.550" endtime="20241118 16:53:06.562"/>
</kw>
<status status="PASS" starttime="20241118 16:53:06.543" endtime="20241118 16:53:06.562"/>
</kw>
<status status="PASS" starttime="20241118 16:53:06.372" endtime="20241118 16:53:06.562"/>
</test>
<test id="s1-s3-t6" name="Register With Username That Is Already In Use" line="43">
<kw name="Reset Application Create User And Go To Register Page" type="SETUP">
<kw name="Reset Application" library="AppLibrary">
<status status="PASS" starttime="20241118 16:53:06.562" endtime="20241118 16:53:06.564"/>
</kw>
<kw name="Go To Register Page" library="resource">
<kw name="Go To" library="SeleniumLibrary">
<arg>${REGISTER_URL}</arg>
<doc>Navigates the current browser window to the provided ``url``.</doc>
<msg timestamp="20241118 16:53:06.564" level="INFO">Opening url 'http://localhost:5001/register'</msg>
<status status="PASS" starttime="20241118 16:53:06.564" endtime="20241118 16:53:06.576"/>
</kw>
<status status="PASS" starttime="20241118 16:53:06.564" endtime="20241118 16:53:06.576"/>
</kw>
<status status="PASS" starttime="20241118 16:53:06.562" endtime="20241118 16:53:06.576"/>
</kw>
<kw name="Create User" library="AppLibrary">
<arg>john</arg>
<arg>P@ssw0rd123</arg>
<status status="PASS" starttime="20241118 16:53:06.577" endtime="20241118 16:53:06.580"/>
</kw>
<kw name="Set Username">
<arg>john</arg>
<kw name="Input Text" library="SeleniumLibrary">
<arg>username</arg>
<arg>${username}</arg>
<doc>Types the given ``text`` into the text field identified by ``locator``.</doc>
<msg timestamp="20241118 16:53:06.581" level="INFO">Typing text 'john' into text field 'username'.</msg>
<status status="PASS" starttime="20241118 16:53:06.581" endtime="20241118 16:53:06.624"/>
</kw>
<status status="PASS" starttime="20241118 16:53:06.581" endtime="20241118 16:53:06.624"/>
</kw>
<kw name="Set Password">
<arg>P@ssw0rd123</arg>
<kw name="Input Password" library="SeleniumLibrary">
<arg>password</arg>
<arg>${password}</arg>
<doc>Types the given password into the text field identified by ``locator``.</doc>
<msg timestamp="20241118 16:53:06.624" level="INFO">Typing password into text field 'password'.</msg>
<msg timestamp="20241118 16:53:06.643" level="INFO">Temporally setting log level to: NONE</msg>
<msg timestamp="20241118 16:53:06.664" level="INFO">Log level changed from NONE to INFO.</msg>
<status status="PASS" starttime="20241118 16:53:06.624" endtime="20241118 16:53:06.664"/>
</kw>
<status status="PASS" starttime="20241118 16:53:06.624" endtime="20241118 16:53:06.664"/>
</kw>
<kw name="Set Password Confirmation">
<arg>P@ssw0rd123</arg>
<kw name="Input Password" library="SeleniumLibrary">
<arg>password_confirmation</arg>
<arg>${password_confirmation}</arg>
<doc>Types the given password into the text field identified by ``locator``.</doc>
<msg timestamp="20241118 16:53:06.664" level="INFO">Typing password into text field 'password_confirmation'.</msg>
<msg timestamp="20241118 16:53:06.680" level="INFO">Temporally setting log level to: NONE</msg>
<msg timestamp="20241118 16:53:06.704" level="INFO">Log level changed from NONE to INFO.</msg>
<status status="PASS" starttime="20241118 16:53:06.664" endtime="20241118 16:53:06.705"/>
</kw>
<status status="PASS" starttime="20241118 16:53:06.664" endtime="20241118 16:53:06.705"/>
</kw>
<kw name="Submit Registration">
<kw name="Click Button" library="SeleniumLibrary">
<arg>Register</arg>
<doc>Clicks the button identified by ``locator``.</doc>
<msg timestamp="20241118 16:53:06.705" level="INFO">Clicking button 'Register'.</msg>
<status status="PASS" starttime="20241118 16:53:06.705" endtime="20241118 16:53:06.738"/>
</kw>
<status status="PASS" starttime="20241118 16:53:06.705" endtime="20241118 16:53:06.738"/>
</kw>
<kw name="Registration Should Fail With Message">
<arg>Username is already taken</arg>
<kw name="Register Page Should Be Open" library="resource">
<kw name="Title Should Be" library="SeleniumLibrary">
<arg>Register</arg>
<doc>Verifies that the current page title equals ``title``.</doc>
<msg timestamp="20241118 16:53:06.746" level="INFO">Page title is 'Register'.</msg>
<status status="PASS" starttime="20241118 16:53:06.738" endtime="20241118 16:53:06.746"/>
</kw>
<status status="PASS" starttime="20241118 16:53:06.738" endtime="20241118 16:53:06.746"/>
</kw>
<kw name="Page Should Contain" library="SeleniumLibrary">
<arg>${message}</arg>
<doc>Verifies that current page contains ``text``.</doc>
<msg timestamp="20241118 16:53:06.755" level="INFO">Current page contains text 'Username is already taken'.</msg>
<status status="PASS" starttime="20241118 16:53:06.746" endtime="20241118 16:53:06.755"/>
</kw>
<status status="PASS" starttime="20241118 16:53:06.738" endtime="20241118 16:53:06.755"/>
</kw>
<status status="PASS" starttime="20241118 16:53:06.562" endtime="20241118 16:53:06.756"/>
</test>
<kw name="Close Browser" library="SeleniumLibrary" type="TEARDOWN">
<doc>Closes the current browser.</doc>
<status status="PASS" starttime="20241118 16:53:06.756" endtime="20241118 16:53:06.812"/>
</kw>
<status status="PASS" starttime="20241118 16:53:05.205" endtime="20241118 16:53:06.812"/>
</suite>
<status status="PASS" starttime="20241118 16:53:03.668" endtime="20241118 16:53:06.813"/>
</suite>
<statistics>
<total>
<stat pass="11" fail="0" skip="0">All Tests</stat>
</total>
<tag>
</tag>
<suite>
<stat pass="11" fail="0" skip="0" id="s1" name="Tests">Tests</stat>
<stat pass="2" fail="0" skip="0" id="s1-s1" name="Home">Tests.Home</stat>
<stat pass="3" fail="0" skip="0" id="s1-s2" name="Login">Tests.Login</stat>
<stat pass="6" fail="0" skip="0" id="s1-s3" name="Register">Tests.Register</stat>
</suite>
</statistics>
<errors>
</errors>
</robot>
