<?xml version="1.0" encoding="UTF-8"?>
<robot generator="Robot 6.1.1 (Python 3.12.7 on linux)" generated="20241118 17:24:18.091" rpa="false" schemaversion="4">
<suite id="s1" name="Tests" source="/home/x/edu/Ohjelmistotuotanto_Software_Engineering/ohjelmistotuotanto-palautusrepositorio/viikko3/web-login/src/tests">
<suite id="s1-s1" name="Home" source="/home/x/edu/Ohjelmistotuotanto_Software_Engineering/ohjelmistotuotanto-palautusrepositorio/viikko3/web-login/src/tests/home.robot">
<kw name="Open And Configure Browser" library="resource" type="SETUP">
<if>
<branch type="IF" condition="$BROWSER == 'chrome'">
<kw name="Evaluate" library="BuiltIn">
<var>${options}</var>
<arg>sys.modules['selenium.webdriver'].ChromeOptions()</arg>
<arg>sys</arg>
<doc>Evaluates the given expression in Python and returns the result.</doc>
<msg timestamp="20241118 17:24:18.204" level="INFO">${options} = &lt;selenium.webdriver.chrome.options.Options object at 0x70e0545caa50&gt;</msg>
<status status="PASS" starttime="20241118 17:24:18.204" endtime="20241118 17:24:18.204"/>
</kw>
<status status="PASS" starttime="20241118 17:24:18.204" endtime="20241118 17:24:18.205"/>
</branch>
<branch type="ELSE IF" condition="$BROWSER == 'firefox'">
<kw name="Evaluate" library="BuiltIn">
<var>${options}</var>
<arg>sys.modules['selenium.webdriver'].FirefoxOptions()</arg>
<arg>sys</arg>
<doc>Evaluates the given expression in Python and returns the result.</doc>
<status status="NOT RUN" starttime="20241118 17:24:18.205" endtime="20241118 17:24:18.205"/>
</kw>
<status status="NOT RUN" starttime="20241118 17:24:18.205" endtime="20241118 17:24:18.205"/>
</branch>
<status status="PASS" starttime="20241118 17:24:18.204" endtime="20241118 17:24:18.205"/>
</if>
<if>
<branch type="IF" condition="$HEADLESS == 'true'">
<kw name="Set Selenium Speed" library="SeleniumLibrary">
<arg>0</arg>
<doc>Sets the delay that is waited after each Selenium command.</doc>
<status status="PASS" starttime="20241118 17:24:18.205" endtime="20241118 17:24:18.205"/>
</kw>
<kw name="Call Method" library="BuiltIn">
<arg>${options}</arg>
<arg>add_argument</arg>
<arg>--headless</arg>
<doc>Calls the named method of the given object with the provided arguments.</doc>
<status status="PASS" starttime="20241118 17:24:18.205" endtime="20241118 17:24:18.205"/>
</kw>
<status status="PASS" starttime="20241118 17:24:18.205" endtime="20241118 17:24:18.205"/>
</branch>
<branch type="ELSE">
<kw name="Set Selenium Speed" library="SeleniumLibrary">
<arg>${DELAY}</arg>
<doc>Sets the delay that is waited after each Selenium command.</doc>
<status status="NOT RUN" starttime="20241118 17:24:18.205" endtime="20241118 17:24:18.205"/>
</kw>
<status status="NOT RUN" starttime="20241118 17:24:18.205" endtime="20241118 17:24:18.205"/>
</branch>
<status status="PASS" starttime="20241118 17:24:18.205" endtime="20241118 17:24:18.205"/>
</if>
<kw name="Open Browser" library="SeleniumLibrary">
<arg>browser=${BROWSER}</arg>
<arg>options=${options}</arg>
<doc>Opens a new browser instance to the optional ``url``.</doc>
<msg timestamp="20241118 17:24:18.205" level="INFO">Opening browser 'chrome' to base url 'None'.</msg>
<status status="PASS" starttime="20241118 17:24:18.205" endtime="20241118 17:24:18.522"/>
</kw>
<status status="PASS" starttime="20241118 17:24:18.204" endtime="20241118 17:24:18.522"/>
</kw>
<test id="s1-s1-t1" name="Click Login Link" line="8">
<kw name="Reset Application And Go To Starting Page" type="SETUP">
<kw name="Reset Application" library="AppLibrary">
<status status="PASS" starttime="20241118 17:24:18.522" endtime="20241118 17:24:18.525"/>
</kw>
<kw name="Go To Starting Page" library="resource">
<kw name="Go To" library="SeleniumLibrary">
<arg>${HOME_URL}</arg>
<doc>Navigates the current browser window to the provided ``url``.</doc>
<msg timestamp="20241118 17:24:18.525" level="INFO">Opening url 'http://localhost:5001'</msg>
<status status="PASS" starttime="20241118 17:24:18.525" endtime="20241118 17:24:18.558"/>
</kw>
<status status="PASS" starttime="20241118 17:24:18.525" endtime="20241118 17:24:18.558"/>
</kw>
<status status="PASS" starttime="20241118 17:24:18.522" endtime="20241118 17:24:18.558"/>
</kw>
<kw name="Click Link" library="SeleniumLibrary">
<arg>Login</arg>
<doc>Clicks a link identified by ``locator``.</doc>
<msg timestamp="20241118 17:24:18.559" level="INFO">Clicking link 'Login'.</msg>
<status status="PASS" starttime="20241118 17:24:18.558" endtime="20241118 17:24:18.614"/>
</kw>
<kw name="Login Page Should Be Open" library="resource">
<kw name="Title Should Be" library="SeleniumLibrary">
<arg>Login</arg>
<doc>Verifies that the current page title equals ``title``.</doc>
<msg timestamp="20241118 17:24:18.617" level="INFO">Page title is 'Login'.</msg>
<status status="PASS" starttime="20241118 17:24:18.614" endtime="20241118 17:24:18.617"/>
</kw>
<status status="PASS" starttime="20241118 17:24:18.614" endtime="20241118 17:24:18.617"/>
</kw>
<status status="PASS" starttime="20241118 17:24:18.522" endtime="20241118 17:24:18.617"/>
</test>
<test id="s1-s1-t2" name="Click Register Link" line="12">
<kw name="Reset Application And Go To Starting Page" type="SETUP">
<kw name="Reset Application" library="AppLibrary">
<status status="PASS" starttime="20241118 17:24:18.618" endtime="20241118 17:24:18.620"/>
</kw>
<kw name="Go To Starting Page" library="resource">
<kw name="Go To" library="SeleniumLibrary">
<arg>${HOME_URL}</arg>
<doc>Navigates the current browser window to the provided ``url``.</doc>
<msg timestamp="20241118 17:24:18.620" level="INFO">Opening url 'http://localhost:5001'</msg>
<status status="PASS" starttime="20241118 17:24:18.620" endtime="20241118 17:24:18.634"/>
</kw>
<status status="PASS" starttime="20241118 17:24:18.620" endtime="20241118 17:24:18.634"/>
</kw>
<status status="PASS" starttime="20241118 17:24:18.618" endtime="20241118 17:24:18.634"/>
</kw>
<kw name="Click Link" library="SeleniumLibrary">
<arg>Register new user</arg>
<doc>Clicks a link identified by ``locator``.</doc>
<msg timestamp="20241118 17:24:18.634" level="INFO">Clicking link 'Register new user'.</msg>
<status status="PASS" starttime="20241118 17:24:18.634" endtime="20241118 17:24:18.677"/>
</kw>
<kw name="Register Page Should Be Open" library="resource">
<kw name="Title Should Be" library="SeleniumLibrary">
<arg>Register</arg>
<doc>Verifies that the current page title equals ``title``.</doc>
<msg timestamp="20241118 17:24:18.680" level="INFO">Page title is 'Register'.</msg>
<status status="PASS" starttime="20241118 17:24:18.678" endtime="20241118 17:24:18.680"/>
</kw>
<status status="PASS" starttime="20241118 17:24:18.678" endtime="20241118 17:24:18.680"/>
</kw>
<status status="PASS" starttime="20241118 17:24:18.617" endtime="20241118 17:24:18.680"/>
</test>
<kw name="Close Browser" library="SeleniumLibrary" type="TEARDOWN">
<doc>Closes the current browser.</doc>
<status status="PASS" starttime="20241118 17:24:18.681" endtime="20241118 17:24:18.750"/>
</kw>
<status status="PASS" starttime="20241118 17:24:18.105" endtime="20241118 17:24:18.750"/>
</suite>
<suite id="s1-s2" name="Login" source="/home/x/edu/Ohjelmistotuotanto_Software_Engineering/ohjelmistotuotanto-palautusrepositorio/viikko3/web-login/src/tests/login.robot">
<kw name="Open And Configure Browser" library="resource" type="SETUP">
<if>
<branch type="IF" condition="$BROWSER == 'chrome'">
<kw name="Evaluate" library="BuiltIn">
<var>${options}</var>
<arg>sys.modules['selenium.webdriver'].ChromeOptions()</arg>
<arg>sys</arg>
<doc>Evaluates the given expression in Python and returns the result.</doc>
<msg timestamp="20241118 17:24:18.753" level="INFO">${options} = &lt;selenium.webdriver.chrome.options.Options object at 0x70e05460ef00&gt;</msg>
<status status="PASS" starttime="20241118 17:24:18.753" endtime="20241118 17:24:18.753"/>
</kw>
<status status="PASS" starttime="20241118 17:24:18.753" endtime="20241118 17:24:18.753"/>
</branch>
<branch type="ELSE IF" condition="$BROWSER == 'firefox'">
<kw name="Evaluate" library="BuiltIn">
<var>${options}</var>
<arg>sys.modules['selenium.webdriver'].FirefoxOptions()</arg>
<arg>sys</arg>
<doc>Evaluates the given expression in Python and returns the result.</doc>
<status status="NOT RUN" starttime="20241118 17:24:18.753" endtime="20241118 17:24:18.754"/>
</kw>
<status status="NOT RUN" starttime="20241118 17:24:18.753" endtime="20241118 17:24:18.754"/>
</branch>
<status status="PASS" starttime="20241118 17:24:18.753" endtime="20241118 17:24:18.754"/>
</if>
<if>
<branch type="IF" condition="$HEADLESS == 'true'">
<kw name="Set Selenium Speed" library="SeleniumLibrary">
<arg>0</arg>
<doc>Sets the delay that is waited after each Selenium command.</doc>
<status status="PASS" starttime="20241118 17:24:18.754" endtime="20241118 17:24:18.754"/>
</kw>
<kw name="Call Method" library="BuiltIn">
<arg>${options}</arg>
<arg>add_argument</arg>
<arg>--headless</arg>
<doc>Calls the named method of the given object with the provided arguments.</doc>
<status status="PASS" starttime="20241118 17:24:18.754" endtime="20241118 17:24:18.754"/>
</kw>
<status status="PASS" starttime="20241118 17:24:18.754" endtime="20241118 17:24:18.754"/>
</branch>
<branch type="ELSE">
<kw name="Set Selenium Speed" library="SeleniumLibrary">
<arg>${DELAY}</arg>
<doc>Sets the delay that is waited after each Selenium command.</doc>
<status status="NOT RUN" starttime="20241118 17:24:18.754" endtime="20241118 17:24:18.754"/>
</kw>
<status status="NOT RUN" starttime="20241118 17:24:18.754" endtime="20241118 17:24:18.754"/>
</branch>
<status status="PASS" starttime="20241118 17:24:18.754" endtime="20241118 17:24:18.754"/>
</if>
<kw name="Open Browser" library="SeleniumLibrary">
<arg>browser=${BROWSER}</arg>
<arg>options=${options}</arg>
<doc>Opens a new browser instance to the optional ``url``.</doc>
<msg timestamp="20241118 17:24:18.754" level="INFO">Opening browser 'chrome' to base url 'None'.</msg>
<status status="PASS" starttime="20241118 17:24:18.754" endtime="20241118 17:24:19.066"/>
</kw>
<status status="PASS" starttime="20241118 17:24:18.753" endtime="20241118 17:24:19.066"/>
</kw>
<test id="s1-s2-t1" name="Login With Correct Credentials" line="8">
<kw name="Reset Application Create User And Go To Login Page" type="SETUP">
<kw name="Reset Application" library="AppLibrary">
<status status="PASS" starttime="20241118 17:24:19.067" endtime="20241118 17:24:19.068"/>
</kw>
<kw name="Create User" library="AppLibrary">
<arg>kalle</arg>
<arg>kalle123</arg>
<status status="PASS" starttime="20241118 17:24:19.068" endtime="20241118 17:24:19.072"/>
</kw>
<kw name="Go To Login Page" library="resource">
<kw name="Go To" library="SeleniumLibrary">
<arg>${LOGIN_URL}</arg>
<doc>Navigates the current browser window to the provided ``url``.</doc>
<msg timestamp="20241118 17:24:19.072" level="INFO">Opening url 'http://localhost:5001/login'</msg>
<status status="PASS" starttime="20241118 17:24:19.072" endtime="20241118 17:24:19.106"/>
</kw>
<status status="PASS" starttime="20241118 17:24:19.072" endtime="20241118 17:24:19.107"/>
</kw>
<status status="PASS" starttime="20241118 17:24:19.066" endtime="20241118 17:24:19.107"/>
</kw>
<kw name="Set Username">
<arg>kalle</arg>
<kw name="Input Text" library="SeleniumLibrary">
<arg>username</arg>
<arg>${username}</arg>
<doc>Types the given ``text`` into the text field identified by ``locator``.</doc>
<msg timestamp="20241118 17:24:19.107" level="INFO">Typing text 'kalle' into text field 'username'.</msg>
<status status="PASS" starttime="20241118 17:24:19.107" endtime="20241118 17:24:19.169"/>
</kw>
<status status="PASS" starttime="20241118 17:24:19.107" endtime="20241118 17:24:19.169"/>
</kw>
<kw name="Set Password">
<arg>kalle123</arg>
<kw name="Input Password" library="SeleniumLibrary">
<arg>password</arg>
<arg>${password}</arg>
<doc>Types the given password into the text field identified by ``locator``.</doc>
<msg timestamp="20241118 17:24:19.170" level="INFO">Typing password into text field 'password'.</msg>
<msg timestamp="20241118 17:24:19.190" level="INFO">Temporally setting log level to: NONE</msg>
<msg timestamp="20241118 17:24:19.214" level="INFO">Log level changed from NONE to INFO.</msg>
<status status="PASS" starttime="20241118 17:24:19.170" endtime="20241118 17:24:19.214"/>
</kw>
<status status="PASS" starttime="20241118 17:24:19.169" endtime="20241118 17:24:19.214"/>
</kw>
<kw name="Submit Credentials">
<kw name="Click Button" library="SeleniumLibrary">
<arg>Login</arg>
<doc>Clicks the button identified by ``locator``.</doc>
<msg timestamp="20241118 17:24:19.214" level="INFO">Clicking button 'Login'.</msg>
<status status="PASS" starttime="20241118 17:24:19.214" endtime="20241118 17:24:19.266"/>
</kw>
<status status="PASS" starttime="20241118 17:24:19.214" endtime="20241118 17:24:19.266"/>
</kw>
<kw name="Login Should Succeed">
<kw name="Main Page Should Be Open" library="resource">
<kw name="Title Should Be" library="SeleniumLibrary">
<arg>Ohtu Application main page</arg>
<doc>Verifies that the current page title equals ``title``.</doc>
<msg timestamp="20241118 17:24:19.269" level="INFO">Page title is 'Ohtu Application main page'.</msg>
<status status="PASS" starttime="20241118 17:24:19.267" endtime="20241118 17:24:19.269"/>
</kw>
<status status="PASS" starttime="20241118 17:24:19.266" endtime="20241118 17:24:19.270"/>
</kw>
<status status="PASS" starttime="20241118 17:24:19.266" endtime="20241118 17:24:19.270"/>
</kw>
<status status="PASS" starttime="20241118 17:24:19.066" endtime="20241118 17:24:19.270"/>
</test>
<test id="s1-s2-t2" name="Login With Incorrect Password" line="14">
<kw name="Reset Application Create User And Go To Login Page" type="SETUP">
<kw name="Reset Application" library="AppLibrary">
<status status="PASS" starttime="20241118 17:24:19.270" endtime="20241118 17:24:19.272"/>
</kw>
<kw name="Create User" library="AppLibrary">
<arg>kalle</arg>
<arg>kalle123</arg>
<status status="PASS" starttime="20241118 17:24:19.272" endtime="20241118 17:24:19.276"/>
</kw>
<kw name="Go To Login Page" library="resource">
<kw name="Go To" library="SeleniumLibrary">
<arg>${LOGIN_URL}</arg>
<doc>Navigates the current browser window to the provided ``url``.</doc>
<msg timestamp="20241118 17:24:19.276" level="INFO">Opening url 'http://localhost:5001/login'</msg>
<status status="PASS" starttime="20241118 17:24:19.276" endtime="20241118 17:24:19.291"/>
</kw>
<status status="PASS" starttime="20241118 17:24:19.276" endtime="20241118 17:24:19.291"/>
</kw>
<status status="PASS" starttime="20241118 17:24:19.270" endtime="20241118 17:24:19.291"/>
</kw>
<kw name="Set Username">
<arg>kalle</arg>
<kw name="Input Text" library="SeleniumLibrary">
<arg>username</arg>
<arg>${username}</arg>
<doc>Types the given ``text`` into the text field identified by ``locator``.</doc>
<msg timestamp="20241118 17:24:19.291" level="INFO">Typing text 'kalle' into text field 'username'.</msg>
<status status="PASS" starttime="20241118 17:24:19.291" endtime="20241118 17:24:19.332"/>
</kw>
<status status="PASS" starttime="20241118 17:24:19.291" endtime="20241118 17:24:19.332"/>
</kw>
<kw name="Set Password">
<arg>kalle456</arg>
<kw name="Input Password" library="SeleniumLibrary">
<arg>password</arg>
<arg>${password}</arg>
<doc>Types the given password into the text field identified by ``locator``.</doc>
<msg timestamp="20241118 17:24:19.333" level="INFO">Typing password into text field 'password'.</msg>
<msg timestamp="20241118 17:24:19.351" level="INFO">Temporally setting log level to: NONE</msg>
<msg timestamp="20241118 17:24:19.372" level="INFO">Log level changed from NONE to INFO.</msg>
<status status="PASS" starttime="20241118 17:24:19.333" endtime="20241118 17:24:19.372"/>
</kw>
<status status="PASS" starttime="20241118 17:24:19.332" endtime="20241118 17:24:19.372"/>
</kw>
<kw name="Submit Credentials">
<kw name="Click Button" library="SeleniumLibrary">
<arg>Login</arg>
<doc>Clicks the button identified by ``locator``.</doc>
<msg timestamp="20241118 17:24:19.373" level="INFO">Clicking button 'Login'.</msg>
<status status="PASS" starttime="20241118 17:24:19.373" endtime="20241118 17:24:19.405"/>
</kw>
<status status="PASS" starttime="20241118 17:24:19.372" endtime="20241118 17:24:19.405"/>
</kw>
<kw name="Login Should Fail With Message">
<arg>Invalid username or password</arg>
<kw name="Login Page Should Be Open" library="resource">
<kw name="Title Should Be" library="SeleniumLibrary">
<arg>Login</arg>
<doc>Verifies that the current page title equals ``title``.</doc>
<msg timestamp="20241118 17:24:19.415" level="INFO">Page title is 'Login'.</msg>
<status status="PASS" starttime="20241118 17:24:19.406" endtime="20241118 17:24:19.415"/>
</kw>
<status status="PASS" starttime="20241118 17:24:19.406" endtime="20241118 17:24:19.415"/>
</kw>
<kw name="Page Should Contain" library="SeleniumLibrary">
<arg>${message}</arg>
<doc>Verifies that current page contains ``text``.</doc>
<msg timestamp="20241118 17:24:19.424" level="INFO">Current page contains text 'Invalid username or password'.</msg>
<status status="PASS" starttime="20241118 17:24:19.415" endtime="20241118 17:24:19.424"/>
</kw>
<status status="PASS" starttime="20241118 17:24:19.406" endtime="20241118 17:24:19.424"/>
</kw>
<status status="PASS" starttime="20241118 17:24:19.270" endtime="20241118 17:24:19.424"/>
</test>
<test id="s1-s2-t3" name="Login With Nonexistent Username" line="20">
<kw name="Reset Application Create User And Go To Login Page" type="SETUP">
<kw name="Reset Application" library="AppLibrary">
<status status="PASS" starttime="20241118 17:24:19.425" endtime="20241118 17:24:19.426"/>
</kw>
<kw name="Create User" library="AppLibrary">
<arg>kalle</arg>
<arg>kalle123</arg>
<status status="PASS" starttime="20241118 17:24:19.427" endtime="20241118 17:24:19.430"/>
</kw>
<kw name="Go To Login Page" library="resource">
<kw name="Go To" library="SeleniumLibrary">
<arg>${LOGIN_URL}</arg>
<doc>Navigates the current browser window to the provided ``url``.</doc>
<msg timestamp="20241118 17:24:19.430" level="INFO">Opening url 'http://localhost:5001/login'</msg>
<status status="PASS" starttime="20241118 17:24:19.430" endtime="20241118 17:24:19.443"/>
</kw>
<status status="PASS" starttime="20241118 17:24:19.430" endtime="20241118 17:24:19.443"/>
</kw>
<status status="PASS" starttime="20241118 17:24:19.424" endtime="20241118 17:24:19.443"/>
</kw>
<kw name="Set Username">
<arg>badusername</arg>
<kw name="Input Text" library="SeleniumLibrary">
<arg>username</arg>
<arg>${username}</arg>
<doc>Types the given ``text`` into the text field identified by ``locator``.</doc>
<msg timestamp="20241118 17:24:19.444" level="INFO">Typing text 'badusername' into text field 'username'.</msg>
<status status="PASS" starttime="20241118 17:24:19.443" endtime="20241118 17:24:19.486"/>
</kw>
<status status="PASS" starttime="20241118 17:24:19.443" endtime="20241118 17:24:19.486"/>
</kw>
<kw name="Set Password">
<arg>kalle456</arg>
<kw name="Input Password" library="SeleniumLibrary">
<arg>password</arg>
<arg>${password}</arg>
<doc>Types the given password into the text field identified by ``locator``.</doc>
<msg timestamp="20241118 17:24:19.486" level="INFO">Typing password into text field 'password'.</msg>
<msg timestamp="20241118 17:24:19.504" level="INFO">Temporally setting log level to: NONE</msg>
<msg timestamp="20241118 17:24:19.525" level="INFO">Log level changed from NONE to INFO.</msg>
<status status="PASS" starttime="20241118 17:24:19.486" endtime="20241118 17:24:19.525"/>
</kw>
<status status="PASS" starttime="20241118 17:24:19.486" endtime="20241118 17:24:19.526"/>
</kw>
<kw name="Submit Credentials">
<kw name="Click Button" library="SeleniumLibrary">
<arg>Login</arg>
<doc>Clicks the button identified by ``locator``.</doc>
<msg timestamp="20241118 17:24:19.526" level="INFO">Clicking button 'Login'.</msg>
<status status="PASS" starttime="20241118 17:24:19.526" endtime="20241118 17:24:19.563"/>
</kw>
<status status="PASS" starttime="20241118 17:24:19.526" endtime="20241118 17:24:19.563"/>
</kw>
<kw name="Login Should Fail With Message">
<arg>Invalid username or password</arg>
<kw name="Login Page Should Be Open" library="resource">
<kw name="Title Should Be" library="SeleniumLibrary">
<arg>Login</arg>
<doc>Verifies that the current page title equals ``title``.</doc>
<msg timestamp="20241118 17:24:19.570" level="INFO">Page title is 'Login'.</msg>
<status status="PASS" starttime="20241118 17:24:19.563" endtime="20241118 17:24:19.570"/>
</kw>
<status status="PASS" starttime="20241118 17:24:19.563" endtime="20241118 17:24:19.570"/>
</kw>
<kw name="Page Should Contain" library="SeleniumLibrary">
<arg>${message}</arg>
<doc>Verifies that current page contains ``text``.</doc>
<msg timestamp="20241118 17:24:19.576" level="INFO">Current page contains text 'Invalid username or password'.</msg>
<status status="PASS" starttime="20241118 17:24:19.570" endtime="20241118 17:24:19.576"/>
</kw>
<status status="PASS" starttime="20241118 17:24:19.563" endtime="20241118 17:24:19.576"/>
</kw>
<status status="PASS" starttime="20241118 17:24:19.424" endtime="20241118 17:24:19.576"/>
</test>
<kw name="Close Browser" library="SeleniumLibrary" type="TEARDOWN">
<doc>Closes the current browser.</doc>
<status status="PASS" starttime="20241118 17:24:19.576" endtime="20241118 17:24:19.640"/>
</kw>
<status status="PASS" starttime="20241118 17:24:18.751" endtime="20241118 17:24:19.640"/>
</suite>
<suite id="s1-s3" name="Register" source="/home/x/edu/Ohjelmistotuotanto_Software_Engineering/ohjelmistotuotanto-palautusrepositorio/viikko3/web-login/src/tests/register.robot">
<kw name="Open And Configure Browser" library="resource" type="SETUP">
<if>
<branch type="IF" condition="$BROWSER == 'chrome'">
<kw name="Evaluate" library="BuiltIn">
<var>${options}</var>
<arg>sys.modules['selenium.webdriver'].ChromeOptions()</arg>
<arg>sys</arg>
<doc>Evaluates the given expression in Python and returns the result.</doc>
<msg timestamp="20241118 17:24:19.645" level="INFO">${options} = &lt;selenium.webdriver.chrome.options.Options object at 0x70e05460d190&gt;</msg>
<status status="PASS" starttime="20241118 17:24:19.645" endtime="20241118 17:24:19.645"/>
</kw>
<status status="PASS" starttime="20241118 17:24:19.645" endtime="20241118 17:24:19.646"/>
</branch>
<branch type="ELSE IF" condition="$BROWSER == 'firefox'">
<kw name="Evaluate" library="BuiltIn">
<var>${options}</var>
<arg>sys.modules['selenium.webdriver'].FirefoxOptions()</arg>
<arg>sys</arg>
<doc>Evaluates the given expression in Python and returns the result.</doc>
<status status="NOT RUN" starttime="20241118 17:24:19.646" endtime="20241118 17:24:19.646"/>
</kw>
<status status="NOT RUN" starttime="20241118 17:24:19.646" endtime="20241118 17:24:19.646"/>
</branch>
<status status="PASS" starttime="20241118 17:24:19.645" endtime="20241118 17:24:19.646"/>
</if>
<if>
<branch type="IF" condition="$HEADLESS == 'true'">
<kw name="Set Selenium Speed" library="SeleniumLibrary">
<arg>0</arg>
<doc>Sets the delay that is waited after each Selenium command.</doc>
<status status="PASS" starttime="20241118 17:24:19.646" endtime="20241118 17:24:19.646"/>
</kw>
<kw name="Call Method" library="BuiltIn">
<arg>${options}</arg>
<arg>add_argument</arg>
<arg>--headless</arg>
<doc>Calls the named method of the given object with the provided arguments.</doc>
<status status="PASS" starttime="20241118 17:24:19.646" endtime="20241118 17:24:19.646"/>
</kw>
<status status="PASS" starttime="20241118 17:24:19.646" endtime="20241118 17:24:19.646"/>
</branch>
<branch type="ELSE">
<kw name="Set Selenium Speed" library="SeleniumLibrary">
<arg>${DELAY}</arg>
<doc>Sets the delay that is waited after each Selenium command.</doc>
<status status="NOT RUN" starttime="20241118 17:24:19.646" endtime="20241118 17:24:19.646"/>
</kw>
<status status="NOT RUN" starttime="20241118 17:24:19.646" endtime="20241118 17:24:19.646"/>
</branch>
<status status="PASS" starttime="20241118 17:24:19.646" endtime="20241118 17:24:19.646"/>
</if>
<kw name="Open Browser" library="SeleniumLibrary">
<arg>browser=${BROWSER}</arg>
<arg>options=${options}</arg>
<doc>Opens a new browser instance to the optional ``url``.</doc>
<msg timestamp="20241118 17:24:19.647" level="INFO">Opening browser 'chrome' to base url 'None'.</msg>
<status status="PASS" starttime="20241118 17:24:19.647" endtime="20241118 17:24:19.934"/>
</kw>
<status status="PASS" starttime="20241118 17:24:19.645" endtime="20241118 17:24:19.934"/>
</kw>
<test id="s1-s3-t1" name="Register With Valid Username And Password" line="9">
<kw name="Reset Application Create User And Go To Register Page" type="SETUP">
<kw name="Reset Application" library="AppLibrary">
<status status="PASS" starttime="20241118 17:24:19.935" endtime="20241118 17:24:19.936"/>
</kw>
<kw name="Go To Register Page" library="resource">
<kw name="Go To" library="SeleniumLibrary">
<arg>${REGISTER_URL}</arg>
<doc>Navigates the current browser window to the provided ``url``.</doc>
<msg timestamp="20241118 17:24:19.937" level="INFO">Opening url 'http://localhost:5001/register'</msg>
<status status="PASS" starttime="20241118 17:24:19.937" endtime="20241118 17:24:19.971"/>
</kw>
<status status="PASS" starttime="20241118 17:24:19.936" endtime="20241118 17:24:19.971"/>
</kw>
<status status="PASS" starttime="20241118 17:24:19.934" endtime="20241118 17:24:19.972"/>
</kw>
<kw name="Set Username">
<arg>john</arg>
<kw name="Input Text" library="SeleniumLibrary">
<arg>username</arg>
<arg>${username}</arg>
<doc>Types the given ``text`` into the text field identified by ``locator``.</doc>
<msg timestamp="20241118 17:24:19.972" level="INFO">Typing text 'john' into text field 'username'.</msg>
<status status="PASS" starttime="20241118 17:24:19.972" endtime="20241118 17:24:20.035"/>
</kw>
<status status="PASS" starttime="20241118 17:24:19.972" endtime="20241118 17:24:20.035"/>
</kw>
<kw name="Set Password">
<arg>Password123!</arg>
<kw name="Input Password" library="SeleniumLibrary">
<arg>password</arg>
<arg>${password}</arg>
<doc>Types the given password into the text field identified by ``locator``.</doc>
<msg timestamp="20241118 17:24:20.036" level="INFO">Typing password into text field 'password'.</msg>
<msg timestamp="20241118 17:24:20.057" level="INFO">Temporally setting log level to: NONE</msg>
<msg timestamp="20241118 17:24:20.081" level="INFO">Log level changed from NONE to INFO.</msg>
<status status="PASS" starttime="20241118 17:24:20.036" endtime="20241118 17:24:20.081"/>
</kw>
<status status="PASS" starttime="20241118 17:24:20.035" endtime="20241118 17:24:20.081"/>
</kw>
<kw name="Set Password Confirmation">
<arg>Password123!</arg>
<kw name="Input Password" library="SeleniumLibrary">
<arg>password_confirmation</arg>
<arg>${password_confirmation}</arg>
<doc>Types the given password into the text field identified by ``locator``.</doc>
<msg timestamp="20241118 17:24:20.082" level="INFO">Typing password into text field 'password_confirmation'.</msg>
<msg timestamp="20241118 17:24:20.102" level="INFO">Temporally setting log level to: NONE</msg>
<msg timestamp="20241118 17:24:20.123" level="INFO">Log level changed from NONE to INFO.</msg>
<status status="PASS" starttime="20241118 17:24:20.081" endtime="20241118 17:24:20.123"/>
</kw>
<status status="PASS" starttime="20241118 17:24:20.081" endtime="20241118 17:24:20.123"/>
</kw>
<kw name="Submit Registration">
<kw name="Click Button" library="SeleniumLibrary">
<arg>Register</arg>
<doc>Clicks the button identified by ``locator``.</doc>
<msg timestamp="20241118 17:24:20.124" level="INFO">Clicking button 'Register'.</msg>
<status status="PASS" starttime="20241118 17:24:20.124" endtime="20241118 17:24:20.168"/>
</kw>
<status status="PASS" starttime="20241118 17:24:20.124" endtime="20241118 17:24:20.169"/>
</kw>
<kw name="Registration Should Succeed">
<kw name="Welcome Page Should Be Open">
<kw name="Title Should Be" library="SeleniumLibrary">
<arg>Welcome to Ohtu Application!</arg>
<doc>Verifies that the current page title equals ``title``.</doc>
<msg timestamp="20241118 17:24:20.180" level="INFO">Page title is 'Welcome to Ohtu Application!'.</msg>
<status status="PASS" starttime="20241118 17:24:20.169" endtime="20241118 17:24:20.180"/>
</kw>
<status status="PASS" starttime="20241118 17:24:20.169" endtime="20241118 17:24:20.180"/>
</kw>
<status status="PASS" starttime="20241118 17:24:20.169" endtime="20241118 17:24:20.180"/>
</kw>
<status status="PASS" starttime="20241118 17:24:19.934" endtime="20241118 17:24:20.180"/>
</test>
<test id="s1-s3-t2" name="Register With Too Short Username And Valid Password" line="16">
<kw name="Reset Application Create User And Go To Register Page" type="SETUP">
<kw name="Reset Application" library="AppLibrary">
<status status="PASS" starttime="20241118 17:24:20.181" endtime="20241118 17:24:20.182"/>
</kw>
<kw name="Go To Register Page" library="resource">
<kw name="Go To" library="SeleniumLibrary">
<arg>${REGISTER_URL}</arg>
<doc>Navigates the current browser window to the provided ``url``.</doc>
<msg timestamp="20241118 17:24:20.183" level="INFO">Opening url 'http://localhost:5001/register'</msg>
<status status="PASS" starttime="20241118 17:24:20.183" endtime="20241118 17:24:20.200"/>
</kw>
<status status="PASS" starttime="20241118 17:24:20.183" endtime="20241118 17:24:20.200"/>
</kw>
<status status="PASS" starttime="20241118 17:24:20.181" endtime="20241118 17:24:20.200"/>
</kw>
<kw name="Set Username">
<arg>jo</arg>
<kw name="Input Text" library="SeleniumLibrary">
<arg>username</arg>
<arg>${username}</arg>
<doc>Types the given ``text`` into the text field identified by ``locator``.</doc>
<msg timestamp="20241118 17:24:20.201" level="INFO">Typing text 'jo' into text field 'username'.</msg>
<status status="PASS" starttime="20241118 17:24:20.201" endtime="20241118 17:24:20.242"/>
</kw>
<status status="PASS" starttime="20241118 17:24:20.201" endtime="20241118 17:24:20.242"/>
</kw>
<kw name="Set Password">
<arg>Password123!</arg>
<kw name="Input Password" library="SeleniumLibrary">
<arg>password</arg>
<arg>${password}</arg>
<doc>Types the given password into the text field identified by ``locator``.</doc>
<msg timestamp="20241118 17:24:20.242" level="INFO">Typing password into text field 'password'.</msg>
<msg timestamp="20241118 17:24:20.262" level="INFO">Temporally setting log level to: NONE</msg>
<msg timestamp="20241118 17:24:20.283" level="INFO">Log level changed from NONE to INFO.</msg>
<status status="PASS" starttime="20241118 17:24:20.242" endtime="20241118 17:24:20.283"/>
</kw>
<status status="PASS" starttime="20241118 17:24:20.242" endtime="20241118 17:24:20.283"/>
</kw>
<kw name="Set Password Confirmation">
<arg>Password123!</arg>
<kw name="Input Password" library="SeleniumLibrary">
<arg>password_confirmation</arg>
<arg>${password_confirmation}</arg>
<doc>Types the given password into the text field identified by ``locator``.</doc>
<msg timestamp="20241118 17:24:20.284" level="INFO">Typing password into text field 'password_confirmation'.</msg>
<msg timestamp="20241118 17:24:20.302" level="INFO">Temporally setting log level to: NONE</msg>
<msg timestamp="20241118 17:24:20.324" level="INFO">Log level changed from NONE to INFO.</msg>
<status status="PASS" starttime="20241118 17:24:20.283" endtime="20241118 17:24:20.324"/>
</kw>
<status status="PASS" starttime="20241118 17:24:20.283" endtime="20241118 17:24:20.324"/>
</kw>
<kw name="Submit Registration">
<kw name="Click Button" library="SeleniumLibrary">
<arg>Register</arg>
<doc>Clicks the button identified by ``locator``.</doc>
<msg timestamp="20241118 17:24:20.325" level="INFO">Clicking button 'Register'.</msg>
<status status="PASS" starttime="20241118 17:24:20.324" endtime="20241118 17:24:20.358"/>
</kw>
<status status="PASS" starttime="20241118 17:24:20.324" endtime="20241118 17:24:20.358"/>
</kw>
<kw name="Registration Should Fail With Message">
<arg>Username must be at least 3 characters long</arg>
<kw name="Register Page Should Be Open" library="resource">
<kw name="Title Should Be" library="SeleniumLibrary">
<arg>Register</arg>
<doc>Verifies that the current page title equals ``title``.</doc>
<msg timestamp="20241118 17:24:20.367" level="INFO">Page title is 'Register'.</msg>
<status status="PASS" starttime="20241118 17:24:20.358" endtime="20241118 17:24:20.367"/>
</kw>
<status status="PASS" starttime="20241118 17:24:20.358" endtime="20241118 17:24:20.367"/>
</kw>
<kw name="Page Should Contain" library="SeleniumLibrary">
<arg>${message}</arg>
<doc>Verifies that current page contains ``text``.</doc>
<msg timestamp="20241118 17:24:20.378" level="INFO">Current page contains text 'Username must be at least 3 characters long'.</msg>
<status status="PASS" starttime="20241118 17:24:20.367" endtime="20241118 17:24:20.378"/>
</kw>
<status status="PASS" starttime="20241118 17:24:20.358" endtime="20241118 17:24:20.379"/>
</kw>
<status status="PASS" starttime="20241118 17:24:20.180" endtime="20241118 17:24:20.379"/>
</test>
<test id="s1-s3-t3" name="Register With Valid Username And Too Short Password" line="23">
<kw name="Reset Application Create User And Go To Register Page" type="SETUP">
<kw name="Reset Application" library="AppLibrary">
<status status="PASS" starttime="20241118 17:24:20.379" endtime="20241118 17:24:20.381"/>
</kw>
<kw name="Go To Register Page" library="resource">
<kw name="Go To" library="SeleniumLibrary">
<arg>${REGISTER_URL}</arg>
<doc>Navigates the current browser window to the provided ``url``.</doc>
<msg timestamp="20241118 17:24:20.382" level="INFO">Opening url 'http://localhost:5001/register'</msg>
<status status="PASS" starttime="20241118 17:24:20.382" endtime="20241118 17:24:20.396"/>
</kw>
<status status="PASS" starttime="20241118 17:24:20.381" endtime="20241118 17:24:20.397"/>
</kw>
<status status="PASS" starttime="20241118 17:24:20.379" endtime="20241118 17:24:20.397"/>
</kw>
<kw name="Set Username">
<arg>john</arg>
<kw name="Input Text" library="SeleniumLibrary">
<arg>username</arg>
<arg>${username}</arg>
<doc>Types the given ``text`` into the text field identified by ``locator``.</doc>
<msg timestamp="20241118 17:24:20.397" level="INFO">Typing text 'john' into text field 'username'.</msg>
<status status="PASS" starttime="20241118 17:24:20.397" endtime="20241118 17:24:20.434"/>
</kw>
<status status="PASS" starttime="20241118 17:24:20.397" endtime="20241118 17:24:20.434"/>
</kw>
<kw name="Set Password">
<arg>Pass</arg>
<kw name="Input Password" library="SeleniumLibrary">
<arg>password</arg>
<arg>${password}</arg>
<doc>Types the given password into the text field identified by ``locator``.</doc>
<msg timestamp="20241118 17:24:20.435" level="INFO">Typing password into text field 'password'.</msg>
<msg timestamp="20241118 17:24:20.453" level="INFO">Temporally setting log level to: NONE</msg>
<msg timestamp="20241118 17:24:20.473" level="INFO">Log level changed from NONE to INFO.</msg>
<status status="PASS" starttime="20241118 17:24:20.435" endtime="20241118 17:24:20.473"/>
</kw>
<status status="PASS" starttime="20241118 17:24:20.435" endtime="20241118 17:24:20.473"/>
</kw>
<kw name="Set Password Confirmation">
<arg>Pass</arg>
<kw name="Input Password" library="SeleniumLibrary">
<arg>password_confirmation</arg>
<arg>${password_confirmation}</arg>
<doc>Types the given password into the text field identified by ``locator``.</doc>
<msg timestamp="20241118 17:24:20.473" level="INFO">Typing password into text field 'password_confirmation'.</msg>
<msg timestamp="20241118 17:24:20.491" level="INFO">Temporally setting log level to: NONE</msg>
<msg timestamp="20241118 17:24:20.511" level="INFO">Log level changed from NONE to INFO.</msg>
<status status="PASS" starttime="20241118 17:24:20.473" endtime="20241118 17:24:20.511"/>
</kw>
<status status="PASS" starttime="20241118 17:24:20.473" endtime="20241118 17:24:20.511"/>
</kw>
<kw name="Submit Registration">
<kw name="Click Button" library="SeleniumLibrary">
<arg>Register</arg>
<doc>Clicks the button identified by ``locator``.</doc>
<msg timestamp="20241118 17:24:20.512" level="INFO">Clicking button 'Register'.</msg>
<status status="PASS" starttime="20241118 17:24:20.512" endtime="20241118 17:24:20.547"/>
</kw>
<status status="PASS" starttime="20241118 17:24:20.512" endtime="20241118 17:24:20.547"/>
</kw>
<kw name="Registration Should Fail With Message">
<arg>Password must be at least 8 characters long</arg>
<kw name="Register Page Should Be Open" library="resource">
<kw name="Title Should Be" library="SeleniumLibrary">
<arg>Register</arg>
<doc>Verifies that the current page title equals ``title``.</doc>
<msg timestamp="20241118 17:24:20.554" level="INFO">Page title is 'Register'.</msg>
<status status="PASS" starttime="20241118 17:24:20.548" endtime="20241118 17:24:20.555"/>
</kw>
<status status="PASS" starttime="20241118 17:24:20.547" endtime="20241118 17:24:20.555"/>
</kw>
<kw name="Page Should Contain" library="SeleniumLibrary">
<arg>${message}</arg>
<doc>Verifies that current page contains ``text``.</doc>
<msg timestamp="20241118 17:24:20.564" level="INFO">Current page contains text 'Password must be at least 8 characters long'.</msg>
<status status="PASS" starttime="20241118 17:24:20.555" endtime="20241118 17:24:20.564"/>
</kw>
<status status="PASS" starttime="20241118 17:24:20.547" endtime="20241118 17:24:20.564"/>
</kw>
<status status="PASS" starttime="20241118 17:24:20.379" endtime="20241118 17:24:20.565"/>
</test>
<test id="s1-s3-t4" name="Register With Valid Username And Invalid Password" line="30">
<kw name="Reset Application Create User And Go To Register Page" type="SETUP">
<kw name="Reset Application" library="AppLibrary">
<status status="PASS" starttime="20241118 17:24:20.565" endtime="20241118 17:24:20.567"/>
</kw>
<kw name="Go To Register Page" library="resource">
<kw name="Go To" library="SeleniumLibrary">
<arg>${REGISTER_URL}</arg>
<doc>Navigates the current browser window to the provided ``url``.</doc>
<msg timestamp="20241118 17:24:20.568" level="INFO">Opening url 'http://localhost:5001/register'</msg>
<status status="PASS" starttime="20241118 17:24:20.568" endtime="20241118 17:24:20.580"/>
</kw>
<status status="PASS" starttime="20241118 17:24:20.567" endtime="20241118 17:24:20.580"/>
</kw>
<status status="PASS" starttime="20241118 17:24:20.565" endtime="20241118 17:24:20.580"/>
</kw>
<kw name="Set Username">
<arg>john</arg>
<kw name="Input Text" library="SeleniumLibrary">
<arg>username</arg>
<arg>${username}</arg>
<doc>Types the given ``text`` into the text field identified by ``locator``.</doc>
<msg timestamp="20241118 17:24:20.581" level="INFO">Typing text 'john' into text field 'username'.</msg>
<status status="PASS" starttime="20241118 17:24:20.581" endtime="20241118 17:24:20.622"/>
</kw>
<status status="PASS" starttime="20241118 17:24:20.581" endtime="20241118 17:24:20.622"/>
</kw>
<kw name="Set Password">
<arg>password</arg>
<kw name="Input Password" library="SeleniumLibrary">
<arg>password</arg>
<arg>${password}</arg>
<doc>Types the given password into the text field identified by ``locator``.</doc>
<msg timestamp="20241118 17:24:20.623" level="INFO">Typing password into text field 'password'.</msg>
<msg timestamp="20241118 17:24:20.640" level="INFO">Temporally setting log level to: NONE</msg>
<msg timestamp="20241118 17:24:20.663" level="INFO">Log level changed from NONE to INFO.</msg>
<status status="PASS" starttime="20241118 17:24:20.622" endtime="20241118 17:24:20.663"/>
</kw>
<status status="PASS" starttime="20241118 17:24:20.622" endtime="20241118 17:24:20.663"/>
</kw>
<kw name="Set Password Confirmation">
<arg>password</arg>
<kw name="Input Password" library="SeleniumLibrary">
<arg>password_confirmation</arg>
<arg>${password_confirmation}</arg>
<doc>Types the given password into the text field identified by ``locator``.</doc>
<msg timestamp="20241118 17:24:20.663" level="INFO">Typing password into text field 'password_confirmation'.</msg>
<msg timestamp="20241118 17:24:20.681" level="INFO">Temporally setting log level to: NONE</msg>
<msg timestamp="20241118 17:24:20.701" level="INFO">Log level changed from NONE to INFO.</msg>
<status status="PASS" starttime="20241118 17:24:20.663" endtime="20241118 17:24:20.701"/>
</kw>
<status status="PASS" starttime="20241118 17:24:20.663" endtime="20241118 17:24:20.701"/>
</kw>
<kw name="Submit Registration">
<kw name="Click Button" library="SeleniumLibrary">
<arg>Register</arg>
<doc>Clicks the button identified by ``locator``.</doc>
<msg timestamp="20241118 17:24:20.702" level="INFO">Clicking button 'Register'.</msg>
<status status="PASS" starttime="20241118 17:24:20.701" endtime="20241118 17:24:20.735"/>
</kw>
<status status="PASS" starttime="20241118 17:24:20.701" endtime="20241118 17:24:20.735"/>
</kw>
<kw name="Registration Should Fail With Message">
<arg>Password must include at least one number or special character</arg>
<kw name="Register Page Should Be Open" library="resource">
<kw name="Title Should Be" library="SeleniumLibrary">
<arg>Register</arg>
<doc>Verifies that the current page title equals ``title``.</doc>
<msg timestamp="20241118 17:24:20.745" level="INFO">Page title is 'Register'.</msg>
<status status="PASS" starttime="20241118 17:24:20.735" endtime="20241118 17:24:20.745"/>
</kw>
<status status="PASS" starttime="20241118 17:24:20.735" endtime="20241118 17:24:20.745"/>
</kw>
<kw name="Page Should Contain" library="SeleniumLibrary">
<arg>${message}</arg>
<doc>Verifies that current page contains ``text``.</doc>
<msg timestamp="20241118 17:24:20.754" level="INFO">Current page contains text 'Password must include at least one number or special character'.</msg>
<status status="PASS" starttime="20241118 17:24:20.745" endtime="20241118 17:24:20.754"/>
</kw>
<status status="PASS" starttime="20241118 17:24:20.735" endtime="20241118 17:24:20.755"/>
</kw>
<status status="PASS" starttime="20241118 17:24:20.565" endtime="20241118 17:24:20.755"/>
</test>
<test id="s1-s3-t5" name="Register With Nonmatching Password And Password Confirmation" line="37">
<kw name="Reset Application Create User And Go To Register Page" type="SETUP">
<kw name="Reset Application" library="AppLibrary">
<status status="PASS" starttime="20241118 17:24:20.755" endtime="20241118 17:24:20.757"/>
</kw>
<kw name="Go To Register Page" library="resource">
<kw name="Go To" library="SeleniumLibrary">
<arg>${REGISTER_URL}</arg>
<doc>Navigates the current browser window to the provided ``url``.</doc>
<msg timestamp="20241118 17:24:20.758" level="INFO">Opening url 'http://localhost:5001/register'</msg>
<status status="PASS" starttime="20241118 17:24:20.757" endtime="20241118 17:24:20.769"/>
</kw>
<status status="PASS" starttime="20241118 17:24:20.757" endtime="20241118 17:24:20.769"/>
</kw>
<status status="PASS" starttime="20241118 17:24:20.755" endtime="20241118 17:24:20.769"/>
</kw>
<kw name="Set Username">
<arg>john</arg>
<kw name="Input Text" library="SeleniumLibrary">
<arg>username</arg>
<arg>${username}</arg>
<doc>Types the given ``text`` into the text field identified by ``locator``.</doc>
<msg timestamp="20241118 17:24:20.770" level="INFO">Typing text 'john' into text field 'username'.</msg>
<status status="PASS" starttime="20241118 17:24:20.769" endtime="20241118 17:24:20.810"/>
</kw>
<status status="PASS" starttime="20241118 17:24:20.769" endtime="20241118 17:24:20.810"/>
</kw>
<kw name="Set Password">
<arg>Password123!</arg>
<kw name="Input Password" library="SeleniumLibrary">
<arg>password</arg>
<arg>${password}</arg>
<doc>Types the given password into the text field identified by ``locator``.</doc>
<msg timestamp="20241118 17:24:20.810" level="INFO">Typing password into text field 'password'.</msg>
<msg timestamp="20241118 17:24:20.831" level="INFO">Temporally setting log level to: NONE</msg>
<msg timestamp="20241118 17:24:20.853" level="INFO">Log level changed from NONE to INFO.</msg>
<status status="PASS" starttime="20241118 17:24:20.810" endtime="20241118 17:24:20.853"/>
</kw>
<status status="PASS" starttime="20241118 17:24:20.810" endtime="20241118 17:24:20.853"/>
</kw>
<kw name="Set Password Confirmation">
<arg>WrongPassword</arg>
<kw name="Input Password" library="SeleniumLibrary">
<arg>password_confirmation</arg>
<arg>${password_confirmation}</arg>
<doc>Types the given password into the text field identified by ``locator``.</doc>
<msg timestamp="20241118 17:24:20.854" level="INFO">Typing password into text field 'password_confirmation'.</msg>
<msg timestamp="20241118 17:24:20.872" level="INFO">Temporally setting log level to: NONE</msg>
<msg timestamp="20241118 17:24:20.894" level="INFO">Log level changed from NONE to INFO.</msg>
<status status="PASS" starttime="20241118 17:24:20.854" endtime="20241118 17:24:20.895"/>
</kw>
<status status="PASS" starttime="20241118 17:24:20.853" endtime="20241118 17:24:20.895"/>
</kw>
<kw name="Submit Registration">
<kw name="Click Button" library="SeleniumLibrary">
<arg>Register</arg>
<doc>Clicks the button identified by ``locator``.</doc>
<msg timestamp="20241118 17:24:20.895" level="INFO">Clicking button 'Register'.</msg>
<status status="PASS" starttime="20241118 17:24:20.895" endtime="20241118 17:24:20.926"/>
</kw>
<status status="PASS" starttime="20241118 17:24:20.895" endtime="20241118 17:24:20.927"/>
</kw>
<kw name="Registration Should Fail With Message">
<arg>Password and confirmation do not match</arg>
<kw name="Register Page Should Be Open" library="resource">
<kw name="Title Should Be" library="SeleniumLibrary">
<arg>Register</arg>
<doc>Verifies that the current page title equals ``title``.</doc>
<msg timestamp="20241118 17:24:20.935" level="INFO">Page title is 'Register'.</msg>
<status status="PASS" starttime="20241118 17:24:20.927" endtime="20241118 17:24:20.935"/>
</kw>
<status status="PASS" starttime="20241118 17:24:20.927" endtime="20241118 17:24:20.935"/>
</kw>
<kw name="Page Should Contain" library="SeleniumLibrary">
<arg>${message}</arg>
<doc>Verifies that current page contains ``text``.</doc>
<msg timestamp="20241118 17:24:20.946" level="INFO">Current page contains text 'Password and confirmation do not match'.</msg>
<status status="PASS" starttime="20241118 17:24:20.936" endtime="20241118 17:24:20.946"/>
</kw>
<status status="PASS" starttime="20241118 17:24:20.927" endtime="20241118 17:24:20.946"/>
</kw>
<status status="PASS" starttime="20241118 17:24:20.755" endtime="20241118 17:24:20.946"/>
</test>
<test id="s1-s3-t6" name="Register With Username That Is Already In Use" line="44">
<kw name="Reset Application Create User And Go To Register Page" type="SETUP">
<kw name="Reset Application" library="AppLibrary">
<status status="PASS" starttime="20241118 17:24:20.947" endtime="20241118 17:24:20.949"/>
</kw>
<kw name="Go To Register Page" library="resource">
<kw name="Go To" library="SeleniumLibrary">
<arg>${REGISTER_URL}</arg>
<doc>Navigates the current browser window to the provided ``url``.</doc>
<msg timestamp="20241118 17:24:20.949" level="INFO">Opening url 'http://localhost:5001/register'</msg>
<status status="PASS" starttime="20241118 17:24:20.949" endtime="20241118 17:24:20.961"/>
</kw>
<status status="PASS" starttime="20241118 17:24:20.949" endtime="20241118 17:24:20.961"/>
</kw>
<status status="PASS" starttime="20241118 17:24:20.947" endtime="20241118 17:24:20.961"/>
</kw>
<kw name="Create User" library="AppLibrary">
<arg>john</arg>
<arg>Password123!</arg>
<status status="PASS" starttime="20241118 17:24:20.962" endtime="20241118 17:24:20.965"/>
</kw>
<kw name="Set Username">
<arg>john</arg>
<kw name="Input Text" library="SeleniumLibrary">
<arg>username</arg>
<arg>${username}</arg>
<doc>Types the given ``text`` into the text field identified by ``locator``.</doc>
<msg timestamp="20241118 17:24:20.966" level="INFO">Typing text 'john' into text field 'username'.</msg>
<status status="PASS" starttime="20241118 17:24:20.966" endtime="20241118 17:24:21.007"/>
</kw>
<status status="PASS" starttime="20241118 17:24:20.965" endtime="20241118 17:24:21.007"/>
</kw>
<kw name="Set Password">
<arg>Password123!</arg>
<kw name="Input Password" library="SeleniumLibrary">
<arg>password</arg>
<arg>${password}</arg>
<doc>Types the given password into the text field identified by ``locator``.</doc>
<msg timestamp="20241118 17:24:21.007" level="INFO">Typing password into text field 'password'.</msg>
<msg timestamp="20241118 17:24:21.025" level="INFO">Temporally setting log level to: NONE</msg>
<msg timestamp="20241118 17:24:21.047" level="INFO">Log level changed from NONE to INFO.</msg>
<status status="PASS" starttime="20241118 17:24:21.007" endtime="20241118 17:24:21.047"/>
</kw>
<status status="PASS" starttime="20241118 17:24:21.007" endtime="20241118 17:24:21.047"/>
</kw>
<kw name="Set Password Confirmation">
<arg>Password123!</arg>
<kw name="Input Password" library="SeleniumLibrary">
<arg>password_confirmation</arg>
<arg>${password_confirmation}</arg>
<doc>Types the given password into the text field identified by ``locator``.</doc>
<msg timestamp="20241118 17:24:21.047" level="INFO">Typing password into text field 'password_confirmation'.</msg>
<msg timestamp="20241118 17:24:21.064" level="INFO">Temporally setting log level to: NONE</msg>
<msg timestamp="20241118 17:24:21.086" level="INFO">Log level changed from NONE to INFO.</msg>
<status status="PASS" starttime="20241118 17:24:21.047" endtime="20241118 17:24:21.086"/>
</kw>
<status status="PASS" starttime="20241118 17:24:21.047" endtime="20241118 17:24:21.086"/>
</kw>
<kw name="Submit Registration">
<kw name="Click Button" library="SeleniumLibrary">
<arg>Register</arg>
<doc>Clicks the button identified by ``locator``.</doc>
<msg timestamp="20241118 17:24:21.086" level="INFO">Clicking button 'Register'.</msg>
<status status="PASS" starttime="20241118 17:24:21.086" endtime="20241118 17:24:21.119"/>
</kw>
<status status="PASS" starttime="20241118 17:24:21.086" endtime="20241118 17:24:21.119"/>
</kw>
<kw name="Registration Should Fail With Message">
<arg>Username is already taken</arg>
<kw name="Register Page Should Be Open" library="resource">
<kw name="Title Should Be" library="SeleniumLibrary">
<arg>Register</arg>
<doc>Verifies that the current page title equals ``title``.</doc>
<msg timestamp="20241118 17:24:21.127" level="INFO">Page title is 'Register'.</msg>
<status status="PASS" starttime="20241118 17:24:21.120" endtime="20241118 17:24:21.127"/>
</kw>
<status status="PASS" starttime="20241118 17:24:21.120" endtime="20241118 17:24:21.127"/>
</kw>
<kw name="Page Should Contain" library="SeleniumLibrary">
<arg>${message}</arg>
<doc>Verifies that current page contains ``text``.</doc>
<msg timestamp="20241118 17:24:21.137" level="INFO">Current page contains text 'Username is already taken'.</msg>
<status status="PASS" starttime="20241118 17:24:21.127" endtime="20241118 17:24:21.137"/>
</kw>
<status status="PASS" starttime="20241118 17:24:21.119" endtime="20241118 17:24:21.137"/>
</kw>
<status status="PASS" starttime="20241118 17:24:20.947" endtime="20241118 17:24:21.138"/>
</test>
<test id="s1-s3-t7" name="Login After Successful Registration" line="52">
<kw name="Reset Application Create User And Go To Register Page" type="SETUP">
<kw name="Reset Application" library="AppLibrary">
<status status="PASS" starttime="20241118 17:24:21.138" endtime="20241118 17:24:21.141"/>
</kw>
<kw name="Go To Register Page" library="resource">
<kw name="Go To" library="SeleniumLibrary">
<arg>${REGISTER_URL}</arg>
<doc>Navigates the current browser window to the provided ``url``.</doc>
<msg timestamp="20241118 17:24:21.141" level="INFO">Opening url 'http://localhost:5001/register'</msg>
<status status="PASS" starttime="20241118 17:24:21.141" endtime="20241118 17:24:21.153"/>
</kw>
<status status="PASS" starttime="20241118 17:24:21.141" endtime="20241118 17:24:21.153"/>
</kw>
<status status="PASS" starttime="20241118 17:24:21.138" endtime="20241118 17:24:21.153"/>
</kw>
<kw name="Set Username">
<arg>john</arg>
<kw name="Input Text" library="SeleniumLibrary">
<arg>username</arg>
<arg>${username}</arg>
<doc>Types the given ``text`` into the text field identified by ``locator``.</doc>
<msg timestamp="20241118 17:24:21.154" level="INFO">Typing text 'john' into text field 'username'.</msg>
<status status="PASS" starttime="20241118 17:24:21.154" endtime="20241118 17:24:21.197"/>
</kw>
<status status="PASS" starttime="20241118 17:24:21.154" endtime="20241118 17:24:21.197"/>
</kw>
<kw name="Set Password">
<arg>Password123!</arg>
<kw name="Input Password" library="SeleniumLibrary">
<arg>password</arg>
<arg>${password}</arg>
<doc>Types the given password into the text field identified by ``locator``.</doc>
<msg timestamp="20241118 17:24:21.198" level="INFO">Typing password into text field 'password'.</msg>
<msg timestamp="20241118 17:24:21.215" level="INFO">Temporally setting log level to: NONE</msg>
<msg timestamp="20241118 17:24:21.236" level="INFO">Log level changed from NONE to INFO.</msg>
<status status="PASS" starttime="20241118 17:24:21.197" endtime="20241118 17:24:21.236"/>
</kw>
<status status="PASS" starttime="20241118 17:24:21.197" endtime="20241118 17:24:21.236"/>
</kw>
<kw name="Set Password Confirmation">
<arg>Password123!</arg>
<kw name="Input Password" library="SeleniumLibrary">
<arg>password_confirmation</arg>
<arg>${password_confirmation}</arg>
<doc>Types the given password into the text field identified by ``locator``.</doc>
<msg timestamp="20241118 17:24:21.236" level="INFO">Typing password into text field 'password_confirmation'.</msg>
<msg timestamp="20241118 17:24:21.254" level="INFO">Temporally setting log level to: NONE</msg>
<msg timestamp="20241118 17:24:21.276" level="INFO">Log level changed from NONE to INFO.</msg>
<status status="PASS" starttime="20241118 17:24:21.236" endtime="20241118 17:24:21.276"/>
</kw>
<status status="PASS" starttime="20241118 17:24:21.236" endtime="20241118 17:24:21.276"/>
</kw>
<kw name="Submit Registration">
<kw name="Click Button" library="SeleniumLibrary">
<arg>Register</arg>
<doc>Clicks the button identified by ``locator``.</doc>
<msg timestamp="20241118 17:24:21.276" level="INFO">Clicking button 'Register'.</msg>
<status status="PASS" starttime="20241118 17:24:21.276" endtime="20241118 17:24:21.310"/>
</kw>
<status status="PASS" starttime="20241118 17:24:21.276" endtime="20241118 17:24:21.310"/>
</kw>
<kw name="Click Link" library="SeleniumLibrary">
<arg>Continue to main page</arg>
<doc>Clicks a link identified by ``locator``.</doc>
<msg timestamp="20241118 17:24:21.310" level="INFO">Clicking link 'Continue to main page'.</msg>
<status status="PASS" starttime="20241118 17:24:21.310" endtime="20241118 17:24:21.360"/>
</kw>
<kw name="Submit Logout">
<kw name="Click Button" library="SeleniumLibrary">
<arg>Logout</arg>
<doc>Clicks the button identified by ``locator``.</doc>
<msg timestamp="20241118 17:24:21.361" level="INFO">Clicking button 'Logout'.</msg>
<status status="PASS" starttime="20241118 17:24:21.361" endtime="20241118 17:24:21.402"/>
</kw>
<status status="PASS" starttime="20241118 17:24:21.360" endtime="20241118 17:24:21.402"/>
</kw>
<kw name="Login Page Should Be Open">
<kw name="Title Should Be" library="SeleniumLibrary">
<arg>Login</arg>
<doc>Verifies that the current page title equals ``title``.</doc>
<msg timestamp="20241118 17:24:21.412" level="INFO">Page title is 'Login'.</msg>
<status status="PASS" starttime="20241118 17:24:21.402" endtime="20241118 17:24:21.412"/>
</kw>
<status status="PASS" starttime="20241118 17:24:21.402" endtime="20241118 17:24:21.412"/>
</kw>
<kw name="Set Username">
<arg>john</arg>
<kw name="Input Text" library="SeleniumLibrary">
<arg>username</arg>
<arg>${username}</arg>
<doc>Types the given ``text`` into the text field identified by ``locator``.</doc>
<msg timestamp="20241118 17:24:21.413" level="INFO">Typing text 'john' into text field 'username'.</msg>
<status status="PASS" starttime="20241118 17:24:21.413" endtime="20241118 17:24:21.451"/>
</kw>
<status status="PASS" starttime="20241118 17:24:21.412" endtime="20241118 17:24:21.451"/>
</kw>
<kw name="Set Password">
<arg>Password123!</arg>
<kw name="Input Password" library="SeleniumLibrary">
<arg>password</arg>
<arg>${password}</arg>
<doc>Types the given password into the text field identified by ``locator``.</doc>
<msg timestamp="20241118 17:24:21.451" level="INFO">Typing password into text field 'password'.</msg>
<msg timestamp="20241118 17:24:21.495" level="INFO">Temporally setting log level to: NONE</msg>
<msg timestamp="20241118 17:24:21.521" level="INFO">Log level changed from NONE to INFO.</msg>
<status status="PASS" starttime="20241118 17:24:21.451" endtime="20241118 17:24:21.521"/>
</kw>
<status status="PASS" starttime="20241118 17:24:21.451" endtime="20241118 17:24:21.521"/>
</kw>
<kw name="Submit Login">
<kw name="Click Button" library="SeleniumLibrary">
<arg>Login</arg>
<doc>Clicks the button identified by ``locator``.</doc>
<msg timestamp="20241118 17:24:21.522" level="INFO">Clicking button 'Login'.</msg>
<status status="PASS" starttime="20241118 17:24:21.521" endtime="20241118 17:24:21.564"/>
</kw>
<status status="PASS" starttime="20241118 17:24:21.521" endtime="20241118 17:24:21.564"/>
</kw>
<kw name="Main Page Should Be Open">
<kw name="Title Should Be" library="SeleniumLibrary">
<arg>Ohtu Application main page</arg>
<doc>Verifies that the current page title equals ``title``.</doc>
<msg timestamp="20241118 17:24:21.573" level="INFO">Page title is 'Ohtu Application main page'.</msg>
<status status="PASS" starttime="20241118 17:24:21.564" endtime="20241118 17:24:21.573"/>
</kw>
<status status="PASS" starttime="20241118 17:24:21.564" endtime="20241118 17:24:21.573"/>
</kw>
<status status="PASS" starttime="20241118 17:24:21.138" endtime="20241118 17:24:21.573"/>
</test>
<test id="s1-s3-t8" name="Login After Failed Registration" line="65">
<kw name="Reset Application Create User And Go To Register Page" type="SETUP">
<kw name="Reset Application" library="AppLibrary">
<status status="PASS" starttime="20241118 17:24:21.574" endtime="20241118 17:24:21.576"/>
</kw>
<kw name="Go To Register Page" library="resource">
<kw name="Go To" library="SeleniumLibrary">
<arg>${REGISTER_URL}</arg>
<doc>Navigates the current browser window to the provided ``url``.</doc>
<msg timestamp="20241118 17:24:21.576" level="INFO">Opening url 'http://localhost:5001/register'</msg>
<status status="PASS" starttime="20241118 17:24:21.576" endtime="20241118 17:24:21.593"/>
</kw>
<status status="PASS" starttime="20241118 17:24:21.576" endtime="20241118 17:24:21.593"/>
</kw>
<status status="PASS" starttime="20241118 17:24:21.574" endtime="20241118 17:24:21.593"/>
</kw>
<kw name="Set Username">
<arg>john123</arg>
<kw name="Input Text" library="SeleniumLibrary">
<arg>username</arg>
<arg>${username}</arg>
<doc>Types the given ``text`` into the text field identified by ``locator``.</doc>
<msg timestamp="20241118 17:24:21.594" level="INFO">Typing text 'john123' into text field 'username'.</msg>
<status status="PASS" starttime="20241118 17:24:21.594" endtime="20241118 17:24:21.634"/>
</kw>
<status status="PASS" starttime="20241118 17:24:21.593" endtime="20241118 17:24:21.634"/>
</kw>
<kw name="Set Password">
<arg>Password123!</arg>
<kw name="Input Password" library="SeleniumLibrary">
<arg>password</arg>
<arg>${password}</arg>
<doc>Types the given password into the text field identified by ``locator``.</doc>
<msg timestamp="20241118 17:24:21.634" level="INFO">Typing password into text field 'password'.</msg>
<msg timestamp="20241118 17:24:21.652" level="INFO">Temporally setting log level to: NONE</msg>
<msg timestamp="20241118 17:24:21.676" level="INFO">Log level changed from NONE to INFO.</msg>
<status status="PASS" starttime="20241118 17:24:21.634" endtime="20241118 17:24:21.676"/>
</kw>
<status status="PASS" starttime="20241118 17:24:21.634" endtime="20241118 17:24:21.676"/>
</kw>
<kw name="Set Password Confirmation">
<arg>Password123!</arg>
<kw name="Input Password" library="SeleniumLibrary">
<arg>password_confirmation</arg>
<arg>${password_confirmation}</arg>
<doc>Types the given password into the text field identified by ``locator``.</doc>
<msg timestamp="20241118 17:24:21.676" level="INFO">Typing password into text field 'password_confirmation'.</msg>
<msg timestamp="20241118 17:24:21.694" level="INFO">Temporally setting log level to: NONE</msg>
<msg timestamp="20241118 17:24:21.716" level="INFO">Log level changed from NONE to INFO.</msg>
<status status="PASS" starttime="20241118 17:24:21.676" endtime="20241118 17:24:21.716"/>
</kw>
<status status="PASS" starttime="20241118 17:24:21.676" endtime="20241118 17:24:21.716"/>
</kw>
<kw name="Submit Registration">
<kw name="Click Button" library="SeleniumLibrary">
<arg>Register</arg>
<doc>Clicks the button identified by ``locator``.</doc>
<msg timestamp="20241118 17:24:21.716" level="INFO">Clicking button 'Register'.</msg>
<status status="PASS" starttime="20241118 17:24:21.716" endtime="20241118 17:24:21.749"/>
</kw>
<status status="PASS" starttime="20241118 17:24:21.716" endtime="20241118 17:24:21.749"/>
</kw>
<kw name="Page Should Contain" library="SeleniumLibrary">
<arg>Username can only contain lowercase letters (a-z)</arg>
<doc>Verifies that current page contains ``text``.</doc>
<msg timestamp="20241118 17:24:21.763" level="INFO">Current page contains text 'Username can only contain lowercase letters (a-z)'.</msg>
<status status="PASS" starttime="20241118 17:24:21.749" endtime="20241118 17:24:21.763"/>
</kw>
<kw name="Click Link" library="SeleniumLibrary">
<arg>Login</arg>
<doc>Clicks a link identified by ``locator``.</doc>
<msg timestamp="20241118 17:24:21.763" level="INFO">Clicking link 'Login'.</msg>
<status status="PASS" starttime="20241118 17:24:21.763" endtime="20241118 17:24:21.805"/>
</kw>
<kw name="Login Page Should Be Open">
<kw name="Title Should Be" library="SeleniumLibrary">
<arg>Login</arg>
<doc>Verifies that the current page title equals ``title``.</doc>
<msg timestamp="20241118 17:24:21.808" level="INFO">Page title is 'Login'.</msg>
<status status="PASS" starttime="20241118 17:24:21.806" endtime="20241118 17:24:21.808"/>
</kw>
<status status="PASS" starttime="20241118 17:24:21.805" endtime="20241118 17:24:21.808"/>
</kw>
<kw name="Set Username">
<arg>john123</arg>
<kw name="Input Text" library="SeleniumLibrary">
<arg>username</arg>
<arg>${username}</arg>
<doc>Types the given ``text`` into the text field identified by ``locator``.</doc>
<msg timestamp="20241118 17:24:21.808" level="INFO">Typing text 'john123' into text field 'username'.</msg>
<status status="PASS" starttime="20241118 17:24:21.808" endtime="20241118 17:24:21.848"/>
</kw>
<status status="PASS" starttime="20241118 17:24:21.808" endtime="20241118 17:24:21.848"/>
</kw>
<kw name="Set Password">
<arg>Password123!</arg>
<kw name="Input Password" library="SeleniumLibrary">
<arg>password</arg>
<arg>${password}</arg>
<doc>Types the given password into the text field identified by ``locator``.</doc>
<msg timestamp="20241118 17:24:21.848" level="INFO">Typing password into text field 'password'.</msg>
<msg timestamp="20241118 17:24:21.866" level="INFO">Temporally setting log level to: NONE</msg>
<msg timestamp="20241118 17:24:21.888" level="INFO">Log level changed from NONE to INFO.</msg>
<status status="PASS" starttime="20241118 17:24:21.848" endtime="20241118 17:24:21.888"/>
</kw>
<status status="PASS" starttime="20241118 17:24:21.848" endtime="20241118 17:24:21.888"/>
</kw>
<kw name="Submit Login">
<kw name="Click Button" library="SeleniumLibrary">
<arg>Login</arg>
<doc>Clicks the button identified by ``locator``.</doc>
<msg timestamp="20241118 17:24:21.889" level="INFO">Clicking button 'Login'.</msg>
<status status="PASS" starttime="20241118 17:24:21.888" endtime="20241118 17:24:21.922"/>
</kw>
<status status="PASS" starttime="20241118 17:24:21.888" endtime="20241118 17:24:21.923"/>
</kw>
<kw name="Login Page Should Be Open">
<kw name="Title Should Be" library="SeleniumLibrary">
<arg>Login</arg>
<doc>Verifies that the current page title equals ``title``.</doc>
<msg timestamp="20241118 17:24:21.931" level="INFO">Page title is 'Login'.</msg>
<status status="PASS" starttime="20241118 17:24:21.923" endtime="20241118 17:24:21.931"/>
</kw>
<status status="PASS" starttime="20241118 17:24:21.923" endtime="20241118 17:24:21.931"/>
</kw>
<kw name="Page Should Contain" library="SeleniumLibrary">
<arg>Invalid username or password</arg>
<doc>Verifies that current page contains ``text``.</doc>
<msg timestamp="20241118 17:24:21.940" level="INFO">Current page contains text 'Invalid username or password'.</msg>
<status status="PASS" starttime="20241118 17:24:21.931" endtime="20241118 17:24:21.940"/>
</kw>
<status status="PASS" starttime="20241118 17:24:21.573" endtime="20241118 17:24:21.941"/>
</test>
<kw name="Close Browser" library="SeleniumLibrary" type="TEARDOWN">
<doc>Closes the current browser.</doc>
<status status="PASS" starttime="20241118 17:24:21.941" endtime="20241118 17:24:22.004"/>
</kw>
<status status="PASS" starttime="20241118 17:24:19.641" endtime="20241118 17:24:22.004"/>
</suite>
<status status="PASS" starttime="20241118 17:24:18.091" endtime="20241118 17:24:22.006"/>
</suite>
<statistics>
<total>
<stat pass="13" fail="0" skip="0">All Tests</stat>
</total>
<tag>
</tag>
<suite>
<stat pass="13" fail="0" skip="0" id="s1" name="Tests">Tests</stat>
<stat pass="2" fail="0" skip="0" id="s1-s1" name="Home">Tests.Home</stat>
<stat pass="3" fail="0" skip="0" id="s1-s2" name="Login">Tests.Login</stat>
<stat pass="8" fail="0" skip="0" id="s1-s3" name="Register">Tests.Register</stat>
</suite>
</statistics>
<errors>
</errors>
</robot>
